2024-11-13T16:50:16.891Z 	 info: Azurite Blob service is starting on 0.0.0.0:10000
2024-11-13T16:50:16.894Z 	 info: AccountDataStore:init() Refresh accounts from environment variable AZURITE_ACCOUNTS with value undefined
2024-11-13T16:50:16.895Z 	 info: AccountDataStore:init() Fallback to default emulator account devstoreaccount1.
2024-11-13T16:50:16.949Z 	 info: BlobGCManager:start() Starting BlobGCManager. Set status to Initializing.
2024-11-13T16:50:16.949Z 	 info: BlobGCManager:start() Trigger mark and sweep loop. Set status to Running.
2024-11-13T16:50:16.950Z 	 info: BlobGCManager:markSweepLoop() Start next mark and sweep.
2024-11-13T16:50:16.951Z 	 info: BlobGCManager:markSweep() Get all extents.
2024-11-13T16:50:16.952Z 	 info: BlobGCManager:start() BlobGCManager successfully started.
2024-11-13T16:50:16.956Z 	 info: BlobGCManager:markSweep() Got 0 extents.
2024-11-13T16:50:16.957Z 	 info: BlobGCManager:markSweep() Get referred extents.
2024-11-13T16:50:16.960Z 	 info: BlobGCManager:markSweep() Got referred extents, unreferenced extents count is 0.
2024-11-13T16:50:16.960Z 	 info: BlobGCManager:markSweepLoop() Mark and sweep finished, taken 10ms.
2024-11-13T16:50:16.960Z 	 info: BlobGCManager:markSweepLoop() Sleep for 600000ms.
2024-11-13T16:50:16.963Z 	 info: Azurite Blob service successfully listens on http://0.0.0.0:10000
2024-11-13T16:50:16.964Z 	 info: Azurite Queue service is starting on 0.0.0.0:10001
2024-11-13T16:50:16.964Z 	 info: AccountDataStore:init() Refresh accounts from environment variable AZURITE_ACCOUNTS with value undefined
2024-11-13T16:50:16.964Z 	 info: AccountDataStore:init() Fallback to default emulator account devstoreaccount1.
2024-11-13T16:50:17.007Z 	 info: QueueGCManager:start() Starting QueueGCManager, set status to Initializing
2024-11-13T16:50:17.007Z 	 info: QueueGCManager:start() Trigger mark and sweep loop, set status to Running.
2024-11-13T16:50:17.008Z 	 info: QueueGCManager:markSweepLoop() Start new mark and sweep.
2024-11-13T16:50:17.008Z 	 info: QueueGCManger:markSweep() Get all extents.
2024-11-13T16:50:17.009Z 	 info: QueueGCManager:start() QueueGCManager successfully started.
2024-11-13T16:50:17.009Z 	 info: QueueGCManager:marksweep() Get 0 extents.
2024-11-13T16:50:17.009Z 	 info: QueueGCManager:markSweep() Get referred extents, then remove from allExtents.
2024-11-13T16:50:17.010Z 	 info: QueueGCManager:markSweep() Got referred extents, unreferenced extents count is 0.
2024-11-13T16:50:17.010Z 	 info: QueueGCManager:markSweepLoop() Mark and sweep finished, take 2ms.
2024-11-13T16:50:17.010Z 	 info: QueueGCManager:markSweepLoop() Sleep for 60000
2024-11-13T16:50:17.011Z 	 info: Azurite Queue service successfully listens on http://0.0.0.0:10001
2024-11-13T16:50:17.011Z 	 info: Azurite Table service is starting on 127.0.0.1:10002
2024-11-13T16:50:17.011Z 	 info: AccountDataStore:init() Refresh accounts from environment variable AZURITE_ACCOUNTS with value undefined
2024-11-13T16:50:17.012Z 	 info: AccountDataStore:init() Fallback to default emulator account devstoreaccount1.
2024-11-13T16:50:17.024Z 	 info: Azurite Table service successfully listens on http://127.0.0.1:10002
2024-11-13T16:50:26.595Z 305e1919-1fb6-4e08-9abe-2f7e7e865d5a info: BlobStorageContextMiddleware: RequestMethod=GET RequestURL=http://127.0.0.1/devstoreaccount1?comp=properties&restype=account RequestHeaders:{"host":"127.0.0.1:10000","connection":"keep-alive","x-ms-version":"2019-07-07","accept":"application/xml","user-agent":"Microsoft Azure Storage Explorer/1.35.0 (win32) azsdk-js-storageblob/12.15.0 (NODE-VERSION v20.14.0; Windows_NT 10.0.22631)","x-ms-client-request-id":"895758a9-ab91-4d71-bee0-eb72fc88a07f","x-ms-date":"Wed, 13 Nov 2024 16:50:26 GMT","authorization":"SharedKey devstoreaccount1:4J99qVCjRDWQRPm1m6P6Wf4A9OuYNQTJC30Sg8HK87g=","accept-language":"*","sec-fetch-mode":"cors","accept-encoding":"gzip, deflate"} ClientIP=172.27.0.1 Protocol=http HTTPVersion=1.1
2024-11-13T16:50:26.595Z 305e1919-1fb6-4e08-9abe-2f7e7e865d5a info: BlobStorageContextMiddleware: Account=devstoreaccount1 Container=undefined Blob=
2024-11-13T16:50:26.595Z 305e1919-1fb6-4e08-9abe-2f7e7e865d5a verbose: DispatchMiddleware: Dispatching request...
2024-11-13T16:50:26.599Z 305e1919-1fb6-4e08-9abe-2f7e7e865d5a info: DispatchMiddleware: Operation=Service_GetAccountInfo
2024-11-13T16:50:26.599Z 305e1919-1fb6-4e08-9abe-2f7e7e865d5a verbose: AuthenticationMiddlewareFactory:createAuthenticationMiddleware() Validating authentications.
2024-11-13T16:50:26.599Z 305e1919-1fb6-4e08-9abe-2f7e7e865d5a info: PublicAccessAuthenticator:validate() Start validation against public access.
2024-11-13T16:50:26.600Z 305e1919-1fb6-4e08-9abe-2f7e7e865d5a debug: PublicAccessAuthenticator:validate() Getting account properties...
2024-11-13T16:50:26.600Z 305e1919-1fb6-4e08-9abe-2f7e7e865d5a debug: PublicAccessAuthenticator:validate() Retrieved account name from context: devstoreaccount1, container: undefined, blob: 
2024-11-13T16:50:26.600Z 305e1919-1fb6-4e08-9abe-2f7e7e865d5a info: PublicAccessAuthenticator:validate() Skip public access authentication. Container name is undefined.
2024-11-13T16:50:26.601Z 305e1919-1fb6-4e08-9abe-2f7e7e865d5a info: BlobSharedKeyAuthenticator:validate() Start validation against account shared key authentication.
2024-11-13T16:50:26.650Z 305e1919-1fb6-4e08-9abe-2f7e7e865d5a info: BlobSharedKeyAuthenticator:validate() [STRING TO SIGN]:"GET\n\n\n\n\n\n\n\n\n\n\n\nx-ms-client-request-id:895758a9-ab91-4d71-bee0-eb72fc88a07f\nx-ms-date:Wed, 13 Nov 2024 16:50:26 GMT\nx-ms-version:2019-07-07\n/devstoreaccount1/devstoreaccount1\ncomp:properties\nrestype:account"
2024-11-13T16:50:26.661Z 305e1919-1fb6-4e08-9abe-2f7e7e865d5a info: BlobSharedKeyAuthenticator:validate() Calculated authentication header based on key1: SharedKey devstoreaccount1:4J99qVCjRDWQRPm1m6P6Wf4A9OuYNQTJC30Sg8HK87g=
2024-11-13T16:50:26.661Z 305e1919-1fb6-4e08-9abe-2f7e7e865d5a info: BlobSharedKeyAuthenticator:validate() Signature 1 matched.
2024-11-13T16:50:26.661Z 305e1919-1fb6-4e08-9abe-2f7e7e865d5a verbose: DeserializerMiddleware: Start deserializing...
2024-11-13T16:50:26.664Z 305e1919-1fb6-4e08-9abe-2f7e7e865d5a info: HandlerMiddleware: DeserializedParameters={"restype":"account","comp":"properties","version":"2019-07-07"}
2024-11-13T16:50:26.664Z 305e1919-1fb6-4e08-9abe-2f7e7e865d5a verbose: SerializerMiddleware: Start serializing...
2024-11-13T16:50:26.666Z 305e1919-1fb6-4e08-9abe-2f7e7e865d5a info: EndMiddleware: End response. TotalTimeInMS=72 StatusCode=200 StatusMessage=undefined Headers={"server":"Azurite-Blob/3.33.0","x-ms-client-request-id":"895758a9-ab91-4d71-bee0-eb72fc88a07f","x-ms-request-id":"305e1919-1fb6-4e08-9abe-2f7e7e865d5a","x-ms-version":"2025-01-05","date":"Wed, 13 Nov 2024 16:50:26 GMT","x-ms-sku-name":"Standard_RAGRS","x-ms-account-kind":"StorageV2","x-ms-is-hns-enabled":"false"}
2024-11-13T16:50:26.714Z 452d3f43-ce3a-4120-b5e9-9589c190a37d info: BlobStorageContextMiddleware: RequestMethod=GET RequestURL=http://127.0.0.1/devstoreaccount1?comp=list&include=metadata RequestHeaders:{"host":"127.0.0.1:10000","connection":"keep-alive","x-ms-version":"2019-07-07","accept":"application/xml","user-agent":"Microsoft Azure Storage Explorer/1.35.0 (win32) azsdk-js-storageblob/12.15.0 (NODE-VERSION v20.14.0; Windows_NT 10.0.22631)","x-ms-client-request-id":"1532259f-94f5-46bd-ba4f-8f785cb1d763","x-ms-date":"Wed, 13 Nov 2024 16:50:26 GMT","authorization":"SharedKey devstoreaccount1:KuFFk9KQnVgx6shGG5L7Axc7jArx7jrYdmGvv2pI4zM=","accept-language":"*","sec-fetch-mode":"cors","accept-encoding":"gzip, deflate"} ClientIP=172.27.0.1 Protocol=http HTTPVersion=1.1
2024-11-13T16:50:26.715Z 452d3f43-ce3a-4120-b5e9-9589c190a37d info: BlobStorageContextMiddleware: Account=devstoreaccount1 Container=undefined Blob=
2024-11-13T16:50:26.715Z 452d3f43-ce3a-4120-b5e9-9589c190a37d verbose: DispatchMiddleware: Dispatching request...
2024-11-13T16:50:26.716Z 452d3f43-ce3a-4120-b5e9-9589c190a37d info: DispatchMiddleware: Operation=Service_ListContainersSegment
2024-11-13T16:50:26.716Z 452d3f43-ce3a-4120-b5e9-9589c190a37d verbose: AuthenticationMiddlewareFactory:createAuthenticationMiddleware() Validating authentications.
2024-11-13T16:50:26.716Z 452d3f43-ce3a-4120-b5e9-9589c190a37d info: PublicAccessAuthenticator:validate() Start validation against public access.
2024-11-13T16:50:26.716Z 452d3f43-ce3a-4120-b5e9-9589c190a37d debug: PublicAccessAuthenticator:validate() Getting account properties...
2024-11-13T16:50:26.716Z 452d3f43-ce3a-4120-b5e9-9589c190a37d debug: PublicAccessAuthenticator:validate() Retrieved account name from context: devstoreaccount1, container: undefined, blob: 
2024-11-13T16:50:26.716Z 452d3f43-ce3a-4120-b5e9-9589c190a37d info: PublicAccessAuthenticator:validate() Skip public access authentication. Container name is undefined.
2024-11-13T16:50:26.717Z 452d3f43-ce3a-4120-b5e9-9589c190a37d info: BlobSharedKeyAuthenticator:validate() Start validation against account shared key authentication.
2024-11-13T16:50:26.718Z 452d3f43-ce3a-4120-b5e9-9589c190a37d info: BlobSharedKeyAuthenticator:validate() [STRING TO SIGN]:"GET\n\n\n\n\n\n\n\n\n\n\n\nx-ms-client-request-id:1532259f-94f5-46bd-ba4f-8f785cb1d763\nx-ms-date:Wed, 13 Nov 2024 16:50:26 GMT\nx-ms-version:2019-07-07\n/devstoreaccount1/devstoreaccount1\ncomp:list\ninclude:metadata"
2024-11-13T16:50:26.718Z 452d3f43-ce3a-4120-b5e9-9589c190a37d info: BlobSharedKeyAuthenticator:validate() Calculated authentication header based on key1: SharedKey devstoreaccount1:KuFFk9KQnVgx6shGG5L7Axc7jArx7jrYdmGvv2pI4zM=
2024-11-13T16:50:26.718Z 452d3f43-ce3a-4120-b5e9-9589c190a37d info: BlobSharedKeyAuthenticator:validate() Signature 1 matched.
2024-11-13T16:50:26.718Z 452d3f43-ce3a-4120-b5e9-9589c190a37d verbose: DeserializerMiddleware: Start deserializing...
2024-11-13T16:50:26.719Z 452d3f43-ce3a-4120-b5e9-9589c190a37d info: HandlerMiddleware: DeserializedParameters={"options":{"include":["metadata"],"requestId":"1532259f-94f5-46bd-ba4f-8f785cb1d763"},"comp":"list","version":"2019-07-07"}
2024-11-13T16:50:26.720Z 452d3f43-ce3a-4120-b5e9-9589c190a37d verbose: SerializerMiddleware: Start serializing...
2024-11-13T16:50:26.730Z 452d3f43-ce3a-4120-b5e9-9589c190a37d debug: Serializer: Raw response body string is <?xml version="1.0" encoding="UTF-8" standalone="yes"?><EnumerationResults ServiceEndpoint="http://127.0.0.1:10000/devstoreaccount1"><Prefix/><MaxResults>5000</MaxResults><Containers/><NextMarker/></EnumerationResults>
2024-11-13T16:50:26.730Z 452d3f43-ce3a-4120-b5e9-9589c190a37d info: Serializer: Start returning stream body.
2024-11-13T16:50:26.730Z 452d3f43-ce3a-4120-b5e9-9589c190a37d info: EndMiddleware: End response. TotalTimeInMS=16 StatusCode=200 StatusMessage=OK Headers={"server":"Azurite-Blob/3.33.0","x-ms-client-request-id":"1532259f-94f5-46bd-ba4f-8f785cb1d763","x-ms-request-id":"452d3f43-ce3a-4120-b5e9-9589c190a37d","x-ms-version":"2025-01-05","content-type":"application/xml"}
2024-11-13T16:50:26.733Z 1c12b6b6-6314-49a2-9372-9dd2a961db97 info: BlobStorageContextMiddleware: RequestMethod=GET RequestURL=http://127.0.0.1/devstoreaccount1?comp=list&include=metadata&timeout=30 RequestHeaders:{"host":"127.0.0.1:10000","connection":"keep-alive","x-ms-version":"2019-07-07","accept":"application/xml","user-agent":"Microsoft Azure Storage Explorer/1.35.0 (win32) azsdk-js-storagequeue/12.6.0 (NODE-VERSION v20.14.0; Windows_NT 10.0.22631)","x-ms-client-request-id":"7d43ef2e-87b3-430d-8b9a-f44342cdc52b","x-ms-date":"Wed, 13 Nov 2024 16:50:26 GMT","authorization":"SharedKey devstoreaccount1:1kY84RJUpOgpKU7VHC3252u3iQR7polKdUNAUQKzozQ=","accept-language":"*","sec-fetch-mode":"cors","accept-encoding":"gzip, deflate"} ClientIP=172.27.0.1 Protocol=http HTTPVersion=1.1
2024-11-13T16:50:26.733Z 1c12b6b6-6314-49a2-9372-9dd2a961db97 info: BlobStorageContextMiddleware: Account=devstoreaccount1 Container=undefined Blob=
2024-11-13T16:50:26.733Z 1c12b6b6-6314-49a2-9372-9dd2a961db97 verbose: DispatchMiddleware: Dispatching request...
2024-11-13T16:50:26.734Z 1c12b6b6-6314-49a2-9372-9dd2a961db97 info: DispatchMiddleware: Operation=Service_ListContainersSegment
2024-11-13T16:50:26.734Z 1c12b6b6-6314-49a2-9372-9dd2a961db97 verbose: AuthenticationMiddlewareFactory:createAuthenticationMiddleware() Validating authentications.
2024-11-13T16:50:26.734Z 1c12b6b6-6314-49a2-9372-9dd2a961db97 info: PublicAccessAuthenticator:validate() Start validation against public access.
2024-11-13T16:50:26.734Z 1c12b6b6-6314-49a2-9372-9dd2a961db97 debug: PublicAccessAuthenticator:validate() Getting account properties...
2024-11-13T16:50:26.734Z 1c12b6b6-6314-49a2-9372-9dd2a961db97 debug: PublicAccessAuthenticator:validate() Retrieved account name from context: devstoreaccount1, container: undefined, blob: 
2024-11-13T16:50:26.734Z 1c12b6b6-6314-49a2-9372-9dd2a961db97 info: PublicAccessAuthenticator:validate() Skip public access authentication. Container name is undefined.
2024-11-13T16:50:26.734Z 1c12b6b6-6314-49a2-9372-9dd2a961db97 info: BlobSharedKeyAuthenticator:validate() Start validation against account shared key authentication.
2024-11-13T16:50:26.734Z 1c12b6b6-6314-49a2-9372-9dd2a961db97 info: BlobSharedKeyAuthenticator:validate() [STRING TO SIGN]:"GET\n\n\n\n\n\n\n\n\n\n\n\nx-ms-client-request-id:7d43ef2e-87b3-430d-8b9a-f44342cdc52b\nx-ms-date:Wed, 13 Nov 2024 16:50:26 GMT\nx-ms-version:2019-07-07\n/devstoreaccount1/devstoreaccount1\ncomp:list\ninclude:metadata\ntimeout:30"
2024-11-13T16:50:26.735Z 1c12b6b6-6314-49a2-9372-9dd2a961db97 info: BlobSharedKeyAuthenticator:validate() Calculated authentication header based on key1: SharedKey devstoreaccount1:1kY84RJUpOgpKU7VHC3252u3iQR7polKdUNAUQKzozQ=
2024-11-13T16:50:26.735Z 1c12b6b6-6314-49a2-9372-9dd2a961db97 info: BlobSharedKeyAuthenticator:validate() Signature 1 matched.
2024-11-13T16:50:26.735Z 1c12b6b6-6314-49a2-9372-9dd2a961db97 verbose: DeserializerMiddleware: Start deserializing...
2024-11-13T16:50:26.735Z 1c12b6b6-6314-49a2-9372-9dd2a961db97 info: HandlerMiddleware: DeserializedParameters={"options":{"include":["metadata"],"timeout":30,"requestId":"7d43ef2e-87b3-430d-8b9a-f44342cdc52b"},"comp":"list","version":"2019-07-07"}
2024-11-13T16:50:26.735Z 1c12b6b6-6314-49a2-9372-9dd2a961db97 verbose: SerializerMiddleware: Start serializing...
2024-11-13T16:50:26.736Z 1c12b6b6-6314-49a2-9372-9dd2a961db97 debug: Serializer: Raw response body string is <?xml version="1.0" encoding="UTF-8" standalone="yes"?><EnumerationResults ServiceEndpoint="http://127.0.0.1:10000/devstoreaccount1"><Prefix/><MaxResults>5000</MaxResults><Containers/><NextMarker/></EnumerationResults>
2024-11-13T16:50:26.737Z 1c12b6b6-6314-49a2-9372-9dd2a961db97 info: Serializer: Start returning stream body.
2024-11-13T16:50:26.737Z 1c12b6b6-6314-49a2-9372-9dd2a961db97 info: EndMiddleware: End response. TotalTimeInMS=4 StatusCode=200 StatusMessage=OK Headers={"server":"Azurite-Blob/3.33.0","x-ms-client-request-id":"7d43ef2e-87b3-430d-8b9a-f44342cdc52b","x-ms-request-id":"1c12b6b6-6314-49a2-9372-9dd2a961db97","x-ms-version":"2025-01-05","content-type":"application/xml"}
2024-11-13T16:50:26.746Z 213a9c03-d9fe-423b-bcba-22cb69b4a4c1 info: BlobStorageContextMiddleware: RequestMethod=GET RequestURL=http://127.0.0.1/devstoreaccount1/%24logs?restype=container RequestHeaders:{"host":"127.0.0.1:10000","connection":"keep-alive","x-ms-version":"2019-07-07","accept":"application/xml","user-agent":"Microsoft Azure Storage Explorer/1.35.0 (win32) azsdk-js-storageblob/12.15.0 (NODE-VERSION v20.14.0; Windows_NT 10.0.22631)","x-ms-client-request-id":"13ea6465-9cc4-4c9a-8e08-10d09a498c1e","x-ms-date":"Wed, 13 Nov 2024 16:50:26 GMT","authorization":"SharedKey devstoreaccount1:tMdQl2zO0H4dP5n2Ivwf9+JHZRgPqlPrlFjkGNEyOs4=","accept-language":"*","sec-fetch-mode":"cors","accept-encoding":"gzip, deflate"} ClientIP=172.27.0.1 Protocol=http HTTPVersion=1.1
2024-11-13T16:50:26.746Z 213a9c03-d9fe-423b-bcba-22cb69b4a4c1 info: BlobStorageContextMiddleware: Account=devstoreaccount1 Container=$logs Blob=
2024-11-13T16:50:26.746Z 213a9c03-d9fe-423b-bcba-22cb69b4a4c1 verbose: DispatchMiddleware: Dispatching request...
2024-11-13T16:50:26.747Z 213a9c03-d9fe-423b-bcba-22cb69b4a4c1 info: DispatchMiddleware: Operation=Container_GetProperties
2024-11-13T16:50:26.747Z 213a9c03-d9fe-423b-bcba-22cb69b4a4c1 verbose: AuthenticationMiddlewareFactory:createAuthenticationMiddleware() Validating authentications.
2024-11-13T16:50:26.747Z 213a9c03-d9fe-423b-bcba-22cb69b4a4c1 info: PublicAccessAuthenticator:validate() Start validation against public access.
2024-11-13T16:50:26.747Z 213a9c03-d9fe-423b-bcba-22cb69b4a4c1 debug: PublicAccessAuthenticator:validate() Getting account properties...
2024-11-13T16:50:26.747Z 213a9c03-d9fe-423b-bcba-22cb69b4a4c1 debug: PublicAccessAuthenticator:validate() Retrieved account name from context: devstoreaccount1, container: $logs, blob: 
2024-11-13T16:50:26.749Z 213a9c03-d9fe-423b-bcba-22cb69b4a4c1 debug: PublicAccessAuthenticator:validate() Skip public access authentication. Cannot get public access type for container $logs
2024-11-13T16:50:26.749Z 213a9c03-d9fe-423b-bcba-22cb69b4a4c1 info: BlobSharedKeyAuthenticator:validate() Start validation against account shared key authentication.
2024-11-13T16:50:26.750Z 213a9c03-d9fe-423b-bcba-22cb69b4a4c1 info: BlobSharedKeyAuthenticator:validate() [STRING TO SIGN]:"GET\n\n\n\n\n\n\n\n\n\n\n\nx-ms-client-request-id:13ea6465-9cc4-4c9a-8e08-10d09a498c1e\nx-ms-date:Wed, 13 Nov 2024 16:50:26 GMT\nx-ms-version:2019-07-07\n/devstoreaccount1/devstoreaccount1/%24logs\nrestype:container"
2024-11-13T16:50:26.750Z 213a9c03-d9fe-423b-bcba-22cb69b4a4c1 info: BlobSharedKeyAuthenticator:validate() Calculated authentication header based on key1: SharedKey devstoreaccount1:tMdQl2zO0H4dP5n2Ivwf9+JHZRgPqlPrlFjkGNEyOs4=
2024-11-13T16:50:26.750Z 213a9c03-d9fe-423b-bcba-22cb69b4a4c1 info: BlobSharedKeyAuthenticator:validate() Signature 1 matched.
2024-11-13T16:50:26.750Z 213a9c03-d9fe-423b-bcba-22cb69b4a4c1 verbose: DeserializerMiddleware: Start deserializing...
2024-11-13T16:50:26.750Z 213a9c03-d9fe-423b-bcba-22cb69b4a4c1 info: HandlerMiddleware: DeserializedParameters={"options":{"requestId":"13ea6465-9cc4-4c9a-8e08-10d09a498c1e","leaseAccessConditions":{}},"restype":"container","version":"2019-07-07"}
2024-11-13T16:50:26.752Z 213a9c03-d9fe-423b-bcba-22cb69b4a4c1 error: ErrorMiddleware: Received a MiddlewareError, fill error information to HTTP response
2024-11-13T16:50:26.754Z 213a9c03-d9fe-423b-bcba-22cb69b4a4c1 error: ErrorMiddleware: ErrorName=StorageError ErrorMessage=The specified container does not exist.  ErrorHTTPStatusCode=404 ErrorHTTPStatusMessage=The specified container does not exist. ErrorHTTPHeaders={"x-ms-error-code":"ContainerNotFound","x-ms-request-id":"213a9c03-d9fe-423b-bcba-22cb69b4a4c1"} ErrorHTTPBody="<?xml version=\"1.0\" encoding=\"UTF-8\" standalone=\"yes\"?>\n<Error>\n  <Code>ContainerNotFound</Code>\n  <Message>The specified container does not exist.\nRequestId:213a9c03-d9fe-423b-bcba-22cb69b4a4c1\nTime:2024-11-13T16:50:26.751Z</Message>\n</Error>" ErrorStack="StorageError: The specified container does not exist.\n    at StorageErrorFactory.getContainerNotFound (/opt/azurite/dist/src/blob/errors/StorageErrorFactory.js:14:16)\n    at LokiBlobMetadataStore.getContainerWithLeaseUpdated (/opt/azurite/dist/src/blob/persistence/LokiBlobMetadataStore.js:2077:53)\n    at LokiBlobMetadataStore.getContainerProperties (/opt/azurite/dist/src/blob/persistence/LokiBlobMetadataStore.js:314:32)\n    at ContainerHandler.getProperties (/opt/azurite/dist/src/blob/handlers/ContainerHandler.js:80:62)\n    at /opt/azurite/dist/src/blob/generated/middleware/HandlerMiddlewareFactory.js:58:18\n    at /opt/azurite/dist/src/blob/generated/ExpressMiddlewareFactory.js:78:63\n    at Layer.handle [as handle_request] (/opt/azurite/node_modules/express/lib/router/layer.js:95:5)\n    at trim_prefix (/opt/azurite/node_modules/express/lib/router/index.js:328:13)\n    at /opt/azurite/node_modules/express/lib/router/index.js:286:9\n    at Function.process_params (/opt/azurite/node_modules/express/lib/router/index.js:346:12)"
2024-11-13T16:50:26.754Z 213a9c03-d9fe-423b-bcba-22cb69b4a4c1 error: ErrorMiddleware: Set HTTP code: 404
2024-11-13T16:50:26.754Z 213a9c03-d9fe-423b-bcba-22cb69b4a4c1 error: ErrorMiddleware: Set HTTP status message: The specified container does not exist.
2024-11-13T16:50:26.754Z 213a9c03-d9fe-423b-bcba-22cb69b4a4c1 error: ErrorMiddleware: Set HTTP Header: x-ms-error-code=ContainerNotFound
2024-11-13T16:50:26.754Z 213a9c03-d9fe-423b-bcba-22cb69b4a4c1 error: ErrorMiddleware: Set HTTP Header: x-ms-request-id=213a9c03-d9fe-423b-bcba-22cb69b4a4c1
2024-11-13T16:50:26.754Z 213a9c03-d9fe-423b-bcba-22cb69b4a4c1 error: ErrorMiddleware: Set content type: application/xml
2024-11-13T16:50:26.754Z 213a9c03-d9fe-423b-bcba-22cb69b4a4c1 error: ErrorMiddleware: Set HTTP body: "<?xml version=\"1.0\" encoding=\"UTF-8\" standalone=\"yes\"?>\n<Error>\n  <Code>ContainerNotFound</Code>\n  <Message>The specified container does not exist.\nRequestId:213a9c03-d9fe-423b-bcba-22cb69b4a4c1\nTime:2024-11-13T16:50:26.751Z</Message>\n</Error>"
2024-11-13T16:50:26.755Z 213a9c03-d9fe-423b-bcba-22cb69b4a4c1 info: EndMiddleware: End response. TotalTimeInMS=9 StatusCode=404 StatusMessage=The specified container does not exist. Headers={"server":"Azurite-Blob/3.33.0","x-ms-error-code":"ContainerNotFound","x-ms-request-id":"213a9c03-d9fe-423b-bcba-22cb69b4a4c1","content-type":"application/xml"}
2024-11-13T16:50:26.756Z faf99f98-901d-4526-86cb-b7f63d90c153 info: BlobStorageContextMiddleware: RequestMethod=GET RequestURL=http://127.0.0.1/devstoreaccount1/%24blobchangefeed?restype=container RequestHeaders:{"host":"127.0.0.1:10000","connection":"keep-alive","x-ms-version":"2019-07-07","accept":"application/xml","user-agent":"Microsoft Azure Storage Explorer/1.35.0 (win32) azsdk-js-storageblob/12.15.0 (NODE-VERSION v20.14.0; Windows_NT 10.0.22631)","x-ms-client-request-id":"de61c283-b3d4-4338-8116-132690ed5b5f","x-ms-date":"Wed, 13 Nov 2024 16:50:26 GMT","authorization":"SharedKey devstoreaccount1:AuKfAFd/leRRnOPxc3GESE31CXz/BkjsKLpBDaiNofY=","accept-language":"*","sec-fetch-mode":"cors","accept-encoding":"gzip, deflate"} ClientIP=172.27.0.1 Protocol=http HTTPVersion=1.1
2024-11-13T16:50:26.756Z faf99f98-901d-4526-86cb-b7f63d90c153 info: BlobStorageContextMiddleware: Account=devstoreaccount1 Container=$blobchangefeed Blob=
2024-11-13T16:50:26.756Z faf99f98-901d-4526-86cb-b7f63d90c153 verbose: DispatchMiddleware: Dispatching request...
2024-11-13T16:50:26.757Z faf99f98-901d-4526-86cb-b7f63d90c153 info: DispatchMiddleware: Operation=Container_GetProperties
2024-11-13T16:50:26.757Z faf99f98-901d-4526-86cb-b7f63d90c153 verbose: AuthenticationMiddlewareFactory:createAuthenticationMiddleware() Validating authentications.
2024-11-13T16:50:26.757Z faf99f98-901d-4526-86cb-b7f63d90c153 info: PublicAccessAuthenticator:validate() Start validation against public access.
2024-11-13T16:50:26.757Z faf99f98-901d-4526-86cb-b7f63d90c153 debug: PublicAccessAuthenticator:validate() Getting account properties...
2024-11-13T16:50:26.757Z faf99f98-901d-4526-86cb-b7f63d90c153 debug: PublicAccessAuthenticator:validate() Retrieved account name from context: devstoreaccount1, container: $blobchangefeed, blob: 
2024-11-13T16:50:26.757Z faf99f98-901d-4526-86cb-b7f63d90c153 debug: PublicAccessAuthenticator:validate() Skip public access authentication. Cannot get public access type for container $blobchangefeed
2024-11-13T16:50:26.758Z faf99f98-901d-4526-86cb-b7f63d90c153 info: BlobSharedKeyAuthenticator:validate() Start validation against account shared key authentication.
2024-11-13T16:50:26.758Z faf99f98-901d-4526-86cb-b7f63d90c153 info: BlobSharedKeyAuthenticator:validate() [STRING TO SIGN]:"GET\n\n\n\n\n\n\n\n\n\n\n\nx-ms-client-request-id:de61c283-b3d4-4338-8116-132690ed5b5f\nx-ms-date:Wed, 13 Nov 2024 16:50:26 GMT\nx-ms-version:2019-07-07\n/devstoreaccount1/devstoreaccount1/%24blobchangefeed\nrestype:container"
2024-11-13T16:50:26.758Z faf99f98-901d-4526-86cb-b7f63d90c153 info: BlobSharedKeyAuthenticator:validate() Calculated authentication header based on key1: SharedKey devstoreaccount1:AuKfAFd/leRRnOPxc3GESE31CXz/BkjsKLpBDaiNofY=
2024-11-13T16:50:26.758Z faf99f98-901d-4526-86cb-b7f63d90c153 info: BlobSharedKeyAuthenticator:validate() Signature 1 matched.
2024-11-13T16:50:26.758Z faf99f98-901d-4526-86cb-b7f63d90c153 verbose: DeserializerMiddleware: Start deserializing...
2024-11-13T16:50:26.758Z faf99f98-901d-4526-86cb-b7f63d90c153 info: HandlerMiddleware: DeserializedParameters={"options":{"requestId":"de61c283-b3d4-4338-8116-132690ed5b5f","leaseAccessConditions":{}},"restype":"container","version":"2019-07-07"}
2024-11-13T16:50:26.758Z faf99f98-901d-4526-86cb-b7f63d90c153 error: ErrorMiddleware: Received a MiddlewareError, fill error information to HTTP response
2024-11-13T16:50:26.759Z faf99f98-901d-4526-86cb-b7f63d90c153 error: ErrorMiddleware: ErrorName=StorageError ErrorMessage=The specified container does not exist.  ErrorHTTPStatusCode=404 ErrorHTTPStatusMessage=The specified container does not exist. ErrorHTTPHeaders={"x-ms-error-code":"ContainerNotFound","x-ms-request-id":"faf99f98-901d-4526-86cb-b7f63d90c153"} ErrorHTTPBody="<?xml version=\"1.0\" encoding=\"UTF-8\" standalone=\"yes\"?>\n<Error>\n  <Code>ContainerNotFound</Code>\n  <Message>The specified container does not exist.\nRequestId:faf99f98-901d-4526-86cb-b7f63d90c153\nTime:2024-11-13T16:50:26.758Z</Message>\n</Error>" ErrorStack="StorageError: The specified container does not exist.\n    at StorageErrorFactory.getContainerNotFound (/opt/azurite/dist/src/blob/errors/StorageErrorFactory.js:14:16)\n    at LokiBlobMetadataStore.getContainerWithLeaseUpdated (/opt/azurite/dist/src/blob/persistence/LokiBlobMetadataStore.js:2077:53)\n    at LokiBlobMetadataStore.getContainerProperties (/opt/azurite/dist/src/blob/persistence/LokiBlobMetadataStore.js:314:32)\n    at ContainerHandler.getProperties (/opt/azurite/dist/src/blob/handlers/ContainerHandler.js:80:62)\n    at /opt/azurite/dist/src/blob/generated/middleware/HandlerMiddlewareFactory.js:58:18\n    at /opt/azurite/dist/src/blob/generated/ExpressMiddlewareFactory.js:78:63\n    at Layer.handle [as handle_request] (/opt/azurite/node_modules/express/lib/router/layer.js:95:5)\n    at trim_prefix (/opt/azurite/node_modules/express/lib/router/index.js:328:13)\n    at /opt/azurite/node_modules/express/lib/router/index.js:286:9\n    at Function.process_params (/opt/azurite/node_modules/express/lib/router/index.js:346:12)"
2024-11-13T16:50:26.759Z faf99f98-901d-4526-86cb-b7f63d90c153 error: ErrorMiddleware: Set HTTP code: 404
2024-11-13T16:50:26.759Z faf99f98-901d-4526-86cb-b7f63d90c153 error: ErrorMiddleware: Set HTTP status message: The specified container does not exist.
2024-11-13T16:50:26.759Z faf99f98-901d-4526-86cb-b7f63d90c153 error: ErrorMiddleware: Set HTTP Header: x-ms-error-code=ContainerNotFound
2024-11-13T16:50:26.759Z faf99f98-901d-4526-86cb-b7f63d90c153 error: ErrorMiddleware: Set HTTP Header: x-ms-request-id=faf99f98-901d-4526-86cb-b7f63d90c153
2024-11-13T16:50:26.759Z faf99f98-901d-4526-86cb-b7f63d90c153 error: ErrorMiddleware: Set content type: application/xml
2024-11-13T16:50:26.759Z faf99f98-901d-4526-86cb-b7f63d90c153 error: ErrorMiddleware: Set HTTP body: "<?xml version=\"1.0\" encoding=\"UTF-8\" standalone=\"yes\"?>\n<Error>\n  <Code>ContainerNotFound</Code>\n  <Message>The specified container does not exist.\nRequestId:faf99f98-901d-4526-86cb-b7f63d90c153\nTime:2024-11-13T16:50:26.758Z</Message>\n</Error>"
2024-11-13T16:50:26.759Z faf99f98-901d-4526-86cb-b7f63d90c153 info: EndMiddleware: End response. TotalTimeInMS=3 StatusCode=404 StatusMessage=The specified container does not exist. Headers={"server":"Azurite-Blob/3.33.0","x-ms-error-code":"ContainerNotFound","x-ms-request-id":"faf99f98-901d-4526-86cb-b7f63d90c153","content-type":"application/xml"}
2024-11-13T16:50:29.498Z 688c1810-06be-4d7b-bb3b-30a47c4a7ffa info: BlobStorageContextMiddleware: RequestMethod=GET RequestURL=http://127.0.0.1/devstoreaccount1?restype=service&comp=properties RequestHeaders:{"host":"127.0.0.1:10000","connection":"keep-alive","x-ms-version":"2019-07-07","accept":"application/xml","user-agent":"Microsoft Azure Storage Explorer/1.35.0 (win32) azsdk-js-storageblob/12.15.0 (NODE-VERSION v20.14.0; Windows_NT 10.0.22631)","x-ms-client-request-id":"b1aeeac8-b23e-4718-ad99-0b542d37c0c2","x-ms-date":"Wed, 13 Nov 2024 16:50:29 GMT","authorization":"SharedKey devstoreaccount1:zXtoFN09b4nPnHDP6QZMz6OkQzv73pVKNMCltO9036w=","accept-language":"*","sec-fetch-mode":"cors","accept-encoding":"gzip, deflate"} ClientIP=172.27.0.1 Protocol=http HTTPVersion=1.1
2024-11-13T16:50:29.498Z 688c1810-06be-4d7b-bb3b-30a47c4a7ffa info: BlobStorageContextMiddleware: Account=devstoreaccount1 Container=undefined Blob=
2024-11-13T16:50:29.498Z 688c1810-06be-4d7b-bb3b-30a47c4a7ffa verbose: DispatchMiddleware: Dispatching request...
2024-11-13T16:50:29.498Z 688c1810-06be-4d7b-bb3b-30a47c4a7ffa info: DispatchMiddleware: Operation=Service_GetProperties
2024-11-13T16:50:29.498Z 688c1810-06be-4d7b-bb3b-30a47c4a7ffa verbose: AuthenticationMiddlewareFactory:createAuthenticationMiddleware() Validating authentications.
2024-11-13T16:50:29.498Z 688c1810-06be-4d7b-bb3b-30a47c4a7ffa info: PublicAccessAuthenticator:validate() Start validation against public access.
2024-11-13T16:50:29.498Z 688c1810-06be-4d7b-bb3b-30a47c4a7ffa debug: PublicAccessAuthenticator:validate() Getting account properties...
2024-11-13T16:50:29.498Z 688c1810-06be-4d7b-bb3b-30a47c4a7ffa debug: PublicAccessAuthenticator:validate() Retrieved account name from context: devstoreaccount1, container: undefined, blob: 
2024-11-13T16:50:29.498Z 688c1810-06be-4d7b-bb3b-30a47c4a7ffa info: PublicAccessAuthenticator:validate() Skip public access authentication. Container name is undefined.
2024-11-13T16:50:29.498Z 688c1810-06be-4d7b-bb3b-30a47c4a7ffa info: BlobSharedKeyAuthenticator:validate() Start validation against account shared key authentication.
2024-11-13T16:50:29.499Z 688c1810-06be-4d7b-bb3b-30a47c4a7ffa info: BlobSharedKeyAuthenticator:validate() [STRING TO SIGN]:"GET\n\n\n\n\n\n\n\n\n\n\n\nx-ms-client-request-id:b1aeeac8-b23e-4718-ad99-0b542d37c0c2\nx-ms-date:Wed, 13 Nov 2024 16:50:29 GMT\nx-ms-version:2019-07-07\n/devstoreaccount1/devstoreaccount1\ncomp:properties\nrestype:service"
2024-11-13T16:50:29.499Z 688c1810-06be-4d7b-bb3b-30a47c4a7ffa info: BlobSharedKeyAuthenticator:validate() Calculated authentication header based on key1: SharedKey devstoreaccount1:zXtoFN09b4nPnHDP6QZMz6OkQzv73pVKNMCltO9036w=
2024-11-13T16:50:29.499Z 688c1810-06be-4d7b-bb3b-30a47c4a7ffa info: BlobSharedKeyAuthenticator:validate() Signature 1 matched.
2024-11-13T16:50:29.499Z 688c1810-06be-4d7b-bb3b-30a47c4a7ffa verbose: DeserializerMiddleware: Start deserializing...
2024-11-13T16:50:29.499Z 688c1810-06be-4d7b-bb3b-30a47c4a7ffa info: HandlerMiddleware: DeserializedParameters={"options":{"requestId":"b1aeeac8-b23e-4718-ad99-0b542d37c0c2"},"restype":"service","comp":"properties","version":"2019-07-07"}
2024-11-13T16:50:29.500Z 688c1810-06be-4d7b-bb3b-30a47c4a7ffa verbose: SerializerMiddleware: Start serializing...
2024-11-13T16:50:29.503Z 688c1810-06be-4d7b-bb3b-30a47c4a7ffa debug: Serializer: Raw response body string is <?xml version="1.0" encoding="UTF-8" standalone="yes"?><StorageServiceProperties><Logging><Version>1.0</Version><Delete>true</Delete><Read>true</Read><Write>true</Write><RetentionPolicy><Enabled>false</Enabled></RetentionPolicy></Logging><HourMetrics><Version>1.0</Version><Enabled>false</Enabled><RetentionPolicy><Enabled>false</Enabled></RetentionPolicy></HourMetrics><MinuteMetrics><Version>1.0</Version><Enabled>false</Enabled><RetentionPolicy><Enabled>false</Enabled></RetentionPolicy></MinuteMetrics><Cors/><DefaultServiceVersion>2025-01-05</DefaultServiceVersion><StaticWebsite><Enabled>false</Enabled></StaticWebsite></StorageServiceProperties>
2024-11-13T16:50:29.503Z 688c1810-06be-4d7b-bb3b-30a47c4a7ffa info: Serializer: Start returning stream body.
2024-11-13T16:50:29.503Z 688c1810-06be-4d7b-bb3b-30a47c4a7ffa info: EndMiddleware: End response. TotalTimeInMS=6 StatusCode=200 StatusMessage=OK Headers={"server":"Azurite-Blob/3.33.0","x-ms-client-request-id":"b1aeeac8-b23e-4718-ad99-0b542d37c0c2","x-ms-request-id":"688c1810-06be-4d7b-bb3b-30a47c4a7ffa","x-ms-version":"2025-01-05","content-type":"application/xml"}
2024-11-13T16:50:30.565Z 2c390a1c-76e3-4878-8dea-498ee6f1bdc5 info: BlobStorageContextMiddleware: RequestMethod=GET RequestURL=http://127.0.0.1/devstoreaccount1?comp=list&include=metadata RequestHeaders:{"host":"127.0.0.1:10000","connection":"keep-alive","x-ms-version":"2019-07-07","accept":"application/xml","user-agent":"Microsoft Azure Storage Explorer/1.35.0 (win32) azsdk-js-storageblob/12.15.0 (NODE-VERSION v20.14.0; Windows_NT 10.0.22631)","x-ms-client-request-id":"176d3ea8-5a85-41a8-b4c1-408e8a6aea4a","x-ms-date":"Wed, 13 Nov 2024 16:50:30 GMT","authorization":"SharedKey devstoreaccount1:oCX/cOxHisbpi0zzV+DHySnDpl++0Q2pec3A62hZhFo=","accept-language":"*","sec-fetch-mode":"cors","accept-encoding":"gzip, deflate"} ClientIP=172.27.0.1 Protocol=http HTTPVersion=1.1
2024-11-13T16:50:30.565Z 2c390a1c-76e3-4878-8dea-498ee6f1bdc5 info: BlobStorageContextMiddleware: Account=devstoreaccount1 Container=undefined Blob=
2024-11-13T16:50:30.565Z 2c390a1c-76e3-4878-8dea-498ee6f1bdc5 verbose: DispatchMiddleware: Dispatching request...
2024-11-13T16:50:30.565Z 2c390a1c-76e3-4878-8dea-498ee6f1bdc5 info: DispatchMiddleware: Operation=Service_ListContainersSegment
2024-11-13T16:50:30.565Z 2c390a1c-76e3-4878-8dea-498ee6f1bdc5 verbose: AuthenticationMiddlewareFactory:createAuthenticationMiddleware() Validating authentications.
2024-11-13T16:50:30.565Z 2c390a1c-76e3-4878-8dea-498ee6f1bdc5 info: PublicAccessAuthenticator:validate() Start validation against public access.
2024-11-13T16:50:30.565Z 2c390a1c-76e3-4878-8dea-498ee6f1bdc5 debug: PublicAccessAuthenticator:validate() Getting account properties...
2024-11-13T16:50:30.565Z 2c390a1c-76e3-4878-8dea-498ee6f1bdc5 debug: PublicAccessAuthenticator:validate() Retrieved account name from context: devstoreaccount1, container: undefined, blob: 
2024-11-13T16:50:30.565Z 2c390a1c-76e3-4878-8dea-498ee6f1bdc5 info: PublicAccessAuthenticator:validate() Skip public access authentication. Container name is undefined.
2024-11-13T16:50:30.566Z 2c390a1c-76e3-4878-8dea-498ee6f1bdc5 info: BlobSharedKeyAuthenticator:validate() Start validation against account shared key authentication.
2024-11-13T16:50:30.566Z 2c390a1c-76e3-4878-8dea-498ee6f1bdc5 info: BlobSharedKeyAuthenticator:validate() [STRING TO SIGN]:"GET\n\n\n\n\n\n\n\n\n\n\n\nx-ms-client-request-id:176d3ea8-5a85-41a8-b4c1-408e8a6aea4a\nx-ms-date:Wed, 13 Nov 2024 16:50:30 GMT\nx-ms-version:2019-07-07\n/devstoreaccount1/devstoreaccount1\ncomp:list\ninclude:metadata"
2024-11-13T16:50:30.566Z 2c390a1c-76e3-4878-8dea-498ee6f1bdc5 info: BlobSharedKeyAuthenticator:validate() Calculated authentication header based on key1: SharedKey devstoreaccount1:oCX/cOxHisbpi0zzV+DHySnDpl++0Q2pec3A62hZhFo=
2024-11-13T16:50:30.566Z 2c390a1c-76e3-4878-8dea-498ee6f1bdc5 info: BlobSharedKeyAuthenticator:validate() Signature 1 matched.
2024-11-13T16:50:30.566Z 2c390a1c-76e3-4878-8dea-498ee6f1bdc5 verbose: DeserializerMiddleware: Start deserializing...
2024-11-13T16:50:30.566Z 2c390a1c-76e3-4878-8dea-498ee6f1bdc5 info: HandlerMiddleware: DeserializedParameters={"options":{"include":["metadata"],"requestId":"176d3ea8-5a85-41a8-b4c1-408e8a6aea4a"},"comp":"list","version":"2019-07-07"}
2024-11-13T16:50:30.566Z 2c390a1c-76e3-4878-8dea-498ee6f1bdc5 verbose: SerializerMiddleware: Start serializing...
2024-11-13T16:50:30.567Z 2c390a1c-76e3-4878-8dea-498ee6f1bdc5 debug: Serializer: Raw response body string is <?xml version="1.0" encoding="UTF-8" standalone="yes"?><EnumerationResults ServiceEndpoint="http://127.0.0.1:10000/devstoreaccount1"><Prefix/><MaxResults>5000</MaxResults><Containers/><NextMarker/></EnumerationResults>
2024-11-13T16:50:30.567Z 2c390a1c-76e3-4878-8dea-498ee6f1bdc5 info: Serializer: Start returning stream body.
2024-11-13T16:50:30.567Z 2c390a1c-76e3-4878-8dea-498ee6f1bdc5 info: EndMiddleware: End response. TotalTimeInMS=2 StatusCode=200 StatusMessage=OK Headers={"server":"Azurite-Blob/3.33.0","x-ms-client-request-id":"176d3ea8-5a85-41a8-b4c1-408e8a6aea4a","x-ms-request-id":"2c390a1c-76e3-4878-8dea-498ee6f1bdc5","x-ms-version":"2025-01-05","content-type":"application/xml"}
2024-11-13T16:50:30.577Z fa4ab52e-2d79-4e73-a93f-74742bace977 info: BlobStorageContextMiddleware: RequestMethod=GET RequestURL=http://127.0.0.1/devstoreaccount1/%24logs?restype=container RequestHeaders:{"host":"127.0.0.1:10000","connection":"keep-alive","x-ms-version":"2019-07-07","accept":"application/xml","user-agent":"Microsoft Azure Storage Explorer/1.35.0 (win32) azsdk-js-storageblob/12.15.0 (NODE-VERSION v20.14.0; Windows_NT 10.0.22631)","x-ms-client-request-id":"7335547c-c253-41d2-bb19-1a956a9d0854","x-ms-date":"Wed, 13 Nov 2024 16:50:30 GMT","authorization":"SharedKey devstoreaccount1:Fbou8ZYpS/wSm+AyOq15nCr9aRS+bKEev0pqnzBZHNw=","accept-language":"*","sec-fetch-mode":"cors","accept-encoding":"gzip, deflate"} ClientIP=172.27.0.1 Protocol=http HTTPVersion=1.1
2024-11-13T16:50:30.577Z fa4ab52e-2d79-4e73-a93f-74742bace977 info: BlobStorageContextMiddleware: Account=devstoreaccount1 Container=$logs Blob=
2024-11-13T16:50:30.577Z fa4ab52e-2d79-4e73-a93f-74742bace977 verbose: DispatchMiddleware: Dispatching request...
2024-11-13T16:50:30.577Z fa4ab52e-2d79-4e73-a93f-74742bace977 info: DispatchMiddleware: Operation=Container_GetProperties
2024-11-13T16:50:30.577Z fa4ab52e-2d79-4e73-a93f-74742bace977 verbose: AuthenticationMiddlewareFactory:createAuthenticationMiddleware() Validating authentications.
2024-11-13T16:50:30.578Z fa4ab52e-2d79-4e73-a93f-74742bace977 info: PublicAccessAuthenticator:validate() Start validation against public access.
2024-11-13T16:50:30.578Z fa4ab52e-2d79-4e73-a93f-74742bace977 debug: PublicAccessAuthenticator:validate() Getting account properties...
2024-11-13T16:50:30.578Z fa4ab52e-2d79-4e73-a93f-74742bace977 debug: PublicAccessAuthenticator:validate() Retrieved account name from context: devstoreaccount1, container: $logs, blob: 
2024-11-13T16:50:30.578Z fa4ab52e-2d79-4e73-a93f-74742bace977 debug: PublicAccessAuthenticator:validate() Skip public access authentication. Cannot get public access type for container $logs
2024-11-13T16:50:30.578Z fa4ab52e-2d79-4e73-a93f-74742bace977 info: BlobSharedKeyAuthenticator:validate() Start validation against account shared key authentication.
2024-11-13T16:50:30.579Z fa4ab52e-2d79-4e73-a93f-74742bace977 info: BlobSharedKeyAuthenticator:validate() [STRING TO SIGN]:"GET\n\n\n\n\n\n\n\n\n\n\n\nx-ms-client-request-id:7335547c-c253-41d2-bb19-1a956a9d0854\nx-ms-date:Wed, 13 Nov 2024 16:50:30 GMT\nx-ms-version:2019-07-07\n/devstoreaccount1/devstoreaccount1/%24logs\nrestype:container"
2024-11-13T16:50:30.579Z fa4ab52e-2d79-4e73-a93f-74742bace977 info: BlobSharedKeyAuthenticator:validate() Calculated authentication header based on key1: SharedKey devstoreaccount1:Fbou8ZYpS/wSm+AyOq15nCr9aRS+bKEev0pqnzBZHNw=
2024-11-13T16:50:30.579Z fa4ab52e-2d79-4e73-a93f-74742bace977 info: BlobSharedKeyAuthenticator:validate() Signature 1 matched.
2024-11-13T16:50:30.579Z fa4ab52e-2d79-4e73-a93f-74742bace977 verbose: DeserializerMiddleware: Start deserializing...
2024-11-13T16:50:30.579Z fa4ab52e-2d79-4e73-a93f-74742bace977 info: HandlerMiddleware: DeserializedParameters={"options":{"requestId":"7335547c-c253-41d2-bb19-1a956a9d0854","leaseAccessConditions":{}},"restype":"container","version":"2019-07-07"}
2024-11-13T16:50:30.579Z fa4ab52e-2d79-4e73-a93f-74742bace977 error: ErrorMiddleware: Received a MiddlewareError, fill error information to HTTP response
2024-11-13T16:50:30.579Z fa4ab52e-2d79-4e73-a93f-74742bace977 error: ErrorMiddleware: ErrorName=StorageError ErrorMessage=The specified container does not exist.  ErrorHTTPStatusCode=404 ErrorHTTPStatusMessage=The specified container does not exist. ErrorHTTPHeaders={"x-ms-error-code":"ContainerNotFound","x-ms-request-id":"fa4ab52e-2d79-4e73-a93f-74742bace977"} ErrorHTTPBody="<?xml version=\"1.0\" encoding=\"UTF-8\" standalone=\"yes\"?>\n<Error>\n  <Code>ContainerNotFound</Code>\n  <Message>The specified container does not exist.\nRequestId:fa4ab52e-2d79-4e73-a93f-74742bace977\nTime:2024-11-13T16:50:30.579Z</Message>\n</Error>" ErrorStack="StorageError: The specified container does not exist.\n    at StorageErrorFactory.getContainerNotFound (/opt/azurite/dist/src/blob/errors/StorageErrorFactory.js:14:16)\n    at LokiBlobMetadataStore.getContainerWithLeaseUpdated (/opt/azurite/dist/src/blob/persistence/LokiBlobMetadataStore.js:2077:53)\n    at LokiBlobMetadataStore.getContainerProperties (/opt/azurite/dist/src/blob/persistence/LokiBlobMetadataStore.js:314:32)\n    at ContainerHandler.getProperties (/opt/azurite/dist/src/blob/handlers/ContainerHandler.js:80:62)\n    at /opt/azurite/dist/src/blob/generated/middleware/HandlerMiddlewareFactory.js:58:18\n    at /opt/azurite/dist/src/blob/generated/ExpressMiddlewareFactory.js:78:63\n    at Layer.handle [as handle_request] (/opt/azurite/node_modules/express/lib/router/layer.js:95:5)\n    at trim_prefix (/opt/azurite/node_modules/express/lib/router/index.js:328:13)\n    at /opt/azurite/node_modules/express/lib/router/index.js:286:9\n    at Function.process_params (/opt/azurite/node_modules/express/lib/router/index.js:346:12)"
2024-11-13T16:50:30.579Z fa4ab52e-2d79-4e73-a93f-74742bace977 error: ErrorMiddleware: Set HTTP code: 404
2024-11-13T16:50:30.579Z fa4ab52e-2d79-4e73-a93f-74742bace977 error: ErrorMiddleware: Set HTTP status message: The specified container does not exist.
2024-11-13T16:50:30.579Z fa4ab52e-2d79-4e73-a93f-74742bace977 error: ErrorMiddleware: Set HTTP Header: x-ms-error-code=ContainerNotFound
2024-11-13T16:50:30.579Z fa4ab52e-2d79-4e73-a93f-74742bace977 error: ErrorMiddleware: Set HTTP Header: x-ms-request-id=fa4ab52e-2d79-4e73-a93f-74742bace977
2024-11-13T16:50:30.579Z fa4ab52e-2d79-4e73-a93f-74742bace977 error: ErrorMiddleware: Set content type: application/xml
2024-11-13T16:50:30.580Z fa4ab52e-2d79-4e73-a93f-74742bace977 error: ErrorMiddleware: Set HTTP body: "<?xml version=\"1.0\" encoding=\"UTF-8\" standalone=\"yes\"?>\n<Error>\n  <Code>ContainerNotFound</Code>\n  <Message>The specified container does not exist.\nRequestId:fa4ab52e-2d79-4e73-a93f-74742bace977\nTime:2024-11-13T16:50:30.579Z</Message>\n</Error>"
2024-11-13T16:50:30.580Z fa4ab52e-2d79-4e73-a93f-74742bace977 info: EndMiddleware: End response. TotalTimeInMS=3 StatusCode=404 StatusMessage=The specified container does not exist. Headers={"server":"Azurite-Blob/3.33.0","x-ms-error-code":"ContainerNotFound","x-ms-request-id":"fa4ab52e-2d79-4e73-a93f-74742bace977","content-type":"application/xml"}
2024-11-13T16:50:30.581Z 7f6ef5b3-0a2a-4498-a978-94e1864d9013 info: BlobStorageContextMiddleware: RequestMethod=GET RequestURL=http://127.0.0.1/devstoreaccount1/%24blobchangefeed?restype=container RequestHeaders:{"host":"127.0.0.1:10000","connection":"keep-alive","x-ms-version":"2019-07-07","accept":"application/xml","user-agent":"Microsoft Azure Storage Explorer/1.35.0 (win32) azsdk-js-storageblob/12.15.0 (NODE-VERSION v20.14.0; Windows_NT 10.0.22631)","x-ms-client-request-id":"912fd765-a802-40a2-82c3-885f33735651","x-ms-date":"Wed, 13 Nov 2024 16:50:30 GMT","authorization":"SharedKey devstoreaccount1:cuZ5edzdIMtrHqPCxDBQU09xwoyG5rH9jJyHCIGfrXU=","accept-language":"*","sec-fetch-mode":"cors","accept-encoding":"gzip, deflate"} ClientIP=172.27.0.1 Protocol=http HTTPVersion=1.1
2024-11-13T16:50:30.581Z 7f6ef5b3-0a2a-4498-a978-94e1864d9013 info: BlobStorageContextMiddleware: Account=devstoreaccount1 Container=$blobchangefeed Blob=
2024-11-13T16:50:30.581Z 7f6ef5b3-0a2a-4498-a978-94e1864d9013 verbose: DispatchMiddleware: Dispatching request...
2024-11-13T16:50:30.582Z 7f6ef5b3-0a2a-4498-a978-94e1864d9013 info: DispatchMiddleware: Operation=Container_GetProperties
2024-11-13T16:50:30.582Z 7f6ef5b3-0a2a-4498-a978-94e1864d9013 verbose: AuthenticationMiddlewareFactory:createAuthenticationMiddleware() Validating authentications.
2024-11-13T16:50:30.582Z 7f6ef5b3-0a2a-4498-a978-94e1864d9013 info: PublicAccessAuthenticator:validate() Start validation against public access.
2024-11-13T16:50:30.582Z 7f6ef5b3-0a2a-4498-a978-94e1864d9013 debug: PublicAccessAuthenticator:validate() Getting account properties...
2024-11-13T16:50:30.582Z 7f6ef5b3-0a2a-4498-a978-94e1864d9013 debug: PublicAccessAuthenticator:validate() Retrieved account name from context: devstoreaccount1, container: $blobchangefeed, blob: 
2024-11-13T16:50:30.583Z 7f6ef5b3-0a2a-4498-a978-94e1864d9013 debug: PublicAccessAuthenticator:validate() Skip public access authentication. Cannot get public access type for container $blobchangefeed
2024-11-13T16:50:30.583Z 7f6ef5b3-0a2a-4498-a978-94e1864d9013 info: BlobSharedKeyAuthenticator:validate() Start validation against account shared key authentication.
2024-11-13T16:50:30.584Z 7f6ef5b3-0a2a-4498-a978-94e1864d9013 info: BlobSharedKeyAuthenticator:validate() [STRING TO SIGN]:"GET\n\n\n\n\n\n\n\n\n\n\n\nx-ms-client-request-id:912fd765-a802-40a2-82c3-885f33735651\nx-ms-date:Wed, 13 Nov 2024 16:50:30 GMT\nx-ms-version:2019-07-07\n/devstoreaccount1/devstoreaccount1/%24blobchangefeed\nrestype:container"
2024-11-13T16:50:30.584Z 7f6ef5b3-0a2a-4498-a978-94e1864d9013 info: BlobSharedKeyAuthenticator:validate() Calculated authentication header based on key1: SharedKey devstoreaccount1:cuZ5edzdIMtrHqPCxDBQU09xwoyG5rH9jJyHCIGfrXU=
2024-11-13T16:50:30.584Z 7f6ef5b3-0a2a-4498-a978-94e1864d9013 info: BlobSharedKeyAuthenticator:validate() Signature 1 matched.
2024-11-13T16:50:30.584Z 7f6ef5b3-0a2a-4498-a978-94e1864d9013 verbose: DeserializerMiddleware: Start deserializing...
2024-11-13T16:50:30.584Z 7f6ef5b3-0a2a-4498-a978-94e1864d9013 info: HandlerMiddleware: DeserializedParameters={"options":{"requestId":"912fd765-a802-40a2-82c3-885f33735651","leaseAccessConditions":{}},"restype":"container","version":"2019-07-07"}
2024-11-13T16:50:30.584Z 7f6ef5b3-0a2a-4498-a978-94e1864d9013 error: ErrorMiddleware: Received a MiddlewareError, fill error information to HTTP response
2024-11-13T16:50:30.585Z 7f6ef5b3-0a2a-4498-a978-94e1864d9013 error: ErrorMiddleware: ErrorName=StorageError ErrorMessage=The specified container does not exist.  ErrorHTTPStatusCode=404 ErrorHTTPStatusMessage=The specified container does not exist. ErrorHTTPHeaders={"x-ms-error-code":"ContainerNotFound","x-ms-request-id":"7f6ef5b3-0a2a-4498-a978-94e1864d9013"} ErrorHTTPBody="<?xml version=\"1.0\" encoding=\"UTF-8\" standalone=\"yes\"?>\n<Error>\n  <Code>ContainerNotFound</Code>\n  <Message>The specified container does not exist.\nRequestId:7f6ef5b3-0a2a-4498-a978-94e1864d9013\nTime:2024-11-13T16:50:30.584Z</Message>\n</Error>" ErrorStack="StorageError: The specified container does not exist.\n    at StorageErrorFactory.getContainerNotFound (/opt/azurite/dist/src/blob/errors/StorageErrorFactory.js:14:16)\n    at LokiBlobMetadataStore.getContainerWithLeaseUpdated (/opt/azurite/dist/src/blob/persistence/LokiBlobMetadataStore.js:2077:53)\n    at LokiBlobMetadataStore.getContainerProperties (/opt/azurite/dist/src/blob/persistence/LokiBlobMetadataStore.js:314:32)\n    at ContainerHandler.getProperties (/opt/azurite/dist/src/blob/handlers/ContainerHandler.js:80:62)\n    at /opt/azurite/dist/src/blob/generated/middleware/HandlerMiddlewareFactory.js:58:18\n    at /opt/azurite/dist/src/blob/generated/ExpressMiddlewareFactory.js:78:63\n    at Layer.handle [as handle_request] (/opt/azurite/node_modules/express/lib/router/layer.js:95:5)\n    at trim_prefix (/opt/azurite/node_modules/express/lib/router/index.js:328:13)\n    at /opt/azurite/node_modules/express/lib/router/index.js:286:9\n    at Function.process_params (/opt/azurite/node_modules/express/lib/router/index.js:346:12)"
2024-11-13T16:50:30.585Z 7f6ef5b3-0a2a-4498-a978-94e1864d9013 error: ErrorMiddleware: Set HTTP code: 404
2024-11-13T16:50:30.585Z 7f6ef5b3-0a2a-4498-a978-94e1864d9013 error: ErrorMiddleware: Set HTTP status message: The specified container does not exist.
2024-11-13T16:50:30.585Z 7f6ef5b3-0a2a-4498-a978-94e1864d9013 error: ErrorMiddleware: Set HTTP Header: x-ms-error-code=ContainerNotFound
2024-11-13T16:50:30.585Z 7f6ef5b3-0a2a-4498-a978-94e1864d9013 error: ErrorMiddleware: Set HTTP Header: x-ms-request-id=7f6ef5b3-0a2a-4498-a978-94e1864d9013
2024-11-13T16:50:30.585Z 7f6ef5b3-0a2a-4498-a978-94e1864d9013 error: ErrorMiddleware: Set content type: application/xml
2024-11-13T16:50:30.585Z 7f6ef5b3-0a2a-4498-a978-94e1864d9013 error: ErrorMiddleware: Set HTTP body: "<?xml version=\"1.0\" encoding=\"UTF-8\" standalone=\"yes\"?>\n<Error>\n  <Code>ContainerNotFound</Code>\n  <Message>The specified container does not exist.\nRequestId:7f6ef5b3-0a2a-4498-a978-94e1864d9013\nTime:2024-11-13T16:50:30.584Z</Message>\n</Error>"
2024-11-13T16:50:30.585Z 7f6ef5b3-0a2a-4498-a978-94e1864d9013 info: EndMiddleware: End response. TotalTimeInMS=4 StatusCode=404 StatusMessage=The specified container does not exist. Headers={"server":"Azurite-Blob/3.33.0","x-ms-error-code":"ContainerNotFound","x-ms-request-id":"7f6ef5b3-0a2a-4498-a978-94e1864d9013","content-type":"application/xml"}
2024-11-13T16:50:32.679Z f1d2fba7-da8f-409c-afed-6eac496ee728 info: BlobStorageContextMiddleware: RequestMethod=PUT RequestURL=http://127.0.0.1/devstoreaccount1/test?restype=container RequestHeaders:{"host":"127.0.0.1:10000","connection":"keep-alive","x-ms-version":"2019-07-07","accept":"application/xml","user-agent":"Microsoft Azure Storage Explorer/1.35.0 (win32) azsdk-js-storageblob/12.15.0 (NODE-VERSION v20.14.0; Windows_NT 10.0.22631)","x-ms-client-request-id":"4d20953a-4b36-446e-a242-0c240246863c","x-ms-date":"Wed, 13 Nov 2024 16:50:32 GMT","authorization":"SharedKey devstoreaccount1:PsblyGCwEFCS5EWodkKYwzhUx0a7rLelsegF5odxUhQ=","accept-language":"*","sec-fetch-mode":"cors","accept-encoding":"gzip, deflate","content-length":"0"} ClientIP=172.27.0.1 Protocol=http HTTPVersion=1.1
2024-11-13T16:50:32.679Z f1d2fba7-da8f-409c-afed-6eac496ee728 info: BlobStorageContextMiddleware: Account=devstoreaccount1 Container=test Blob=
2024-11-13T16:50:32.679Z f1d2fba7-da8f-409c-afed-6eac496ee728 verbose: DispatchMiddleware: Dispatching request...
2024-11-13T16:50:32.680Z f1d2fba7-da8f-409c-afed-6eac496ee728 info: DispatchMiddleware: Operation=Container_Create
2024-11-13T16:50:32.680Z f1d2fba7-da8f-409c-afed-6eac496ee728 verbose: AuthenticationMiddlewareFactory:createAuthenticationMiddleware() Validating authentications.
2024-11-13T16:50:32.680Z f1d2fba7-da8f-409c-afed-6eac496ee728 info: PublicAccessAuthenticator:validate() Start validation against public access.
2024-11-13T16:50:32.680Z f1d2fba7-da8f-409c-afed-6eac496ee728 debug: PublicAccessAuthenticator:validate() Getting account properties...
2024-11-13T16:50:32.680Z f1d2fba7-da8f-409c-afed-6eac496ee728 debug: PublicAccessAuthenticator:validate() Retrieved account name from context: devstoreaccount1, container: test, blob: 
2024-11-13T16:50:32.680Z f1d2fba7-da8f-409c-afed-6eac496ee728 debug: PublicAccessAuthenticator:validate() Skip public access authentication. Cannot get public access type for container test
2024-11-13T16:50:32.680Z f1d2fba7-da8f-409c-afed-6eac496ee728 info: BlobSharedKeyAuthenticator:validate() Start validation against account shared key authentication.
2024-11-13T16:50:32.680Z f1d2fba7-da8f-409c-afed-6eac496ee728 info: BlobSharedKeyAuthenticator:validate() [STRING TO SIGN]:"PUT\n\n\n\n\n\n\n\n\n\n\n\nx-ms-client-request-id:4d20953a-4b36-446e-a242-0c240246863c\nx-ms-date:Wed, 13 Nov 2024 16:50:32 GMT\nx-ms-version:2019-07-07\n/devstoreaccount1/devstoreaccount1/test\nrestype:container"
2024-11-13T16:50:32.680Z f1d2fba7-da8f-409c-afed-6eac496ee728 info: BlobSharedKeyAuthenticator:validate() Calculated authentication header based on key1: SharedKey devstoreaccount1:PsblyGCwEFCS5EWodkKYwzhUx0a7rLelsegF5odxUhQ=
2024-11-13T16:50:32.680Z f1d2fba7-da8f-409c-afed-6eac496ee728 info: BlobSharedKeyAuthenticator:validate() Signature 1 matched.
2024-11-13T16:50:32.681Z f1d2fba7-da8f-409c-afed-6eac496ee728 verbose: DeserializerMiddleware: Start deserializing...
2024-11-13T16:50:32.681Z f1d2fba7-da8f-409c-afed-6eac496ee728 info: HandlerMiddleware: DeserializedParameters={"options":{"metadata":{},"requestId":"4d20953a-4b36-446e-a242-0c240246863c","containerCpkScopeInfo":{}},"restype":"container","version":"2019-07-07"}
2024-11-13T16:50:32.682Z f1d2fba7-da8f-409c-afed-6eac496ee728 verbose: SerializerMiddleware: Start serializing...
2024-11-13T16:50:32.682Z f1d2fba7-da8f-409c-afed-6eac496ee728 info: EndMiddleware: End response. TotalTimeInMS=3 StatusCode=201 StatusMessage=undefined Headers={"server":"Azurite-Blob/3.33.0","etag":"\"0x1F1B19D6FB11DB0\"","last-modified":"Wed, 13 Nov 2024 16:50:32 GMT","x-ms-client-request-id":"4d20953a-4b36-446e-a242-0c240246863c","x-ms-request-id":"f1d2fba7-da8f-409c-afed-6eac496ee728","x-ms-version":"2025-01-05"}
2024-11-13T16:50:32.711Z e6dba4bb-412b-41bc-90a3-09f3cfd83111 info: BlobStorageContextMiddleware: RequestMethod=GET RequestURL=http://127.0.0.1/devstoreaccount1/test?restype=container RequestHeaders:{"host":"127.0.0.1:10000","connection":"keep-alive","x-ms-version":"2019-07-07","accept":"application/xml","user-agent":"Microsoft Azure Storage Explorer/1.35.0 (win32) azsdk-js-storageblob/12.15.0 (NODE-VERSION v20.14.0; Windows_NT 10.0.22631)","x-ms-client-request-id":"690a5cba-6f7e-4151-9a3f-6380be4aba25","x-ms-date":"Wed, 13 Nov 2024 16:50:32 GMT","authorization":"SharedKey devstoreaccount1:Sxh/J6huv7OWshLk8N0rGK05FnyUNGsoEhfTIXpxdNc=","accept-language":"*","sec-fetch-mode":"cors","accept-encoding":"gzip, deflate"} ClientIP=172.27.0.1 Protocol=http HTTPVersion=1.1
2024-11-13T16:50:32.711Z e6dba4bb-412b-41bc-90a3-09f3cfd83111 info: BlobStorageContextMiddleware: Account=devstoreaccount1 Container=test Blob=
2024-11-13T16:50:32.712Z e6dba4bb-412b-41bc-90a3-09f3cfd83111 verbose: DispatchMiddleware: Dispatching request...
2024-11-13T16:50:32.712Z e6dba4bb-412b-41bc-90a3-09f3cfd83111 info: DispatchMiddleware: Operation=Container_GetProperties
2024-11-13T16:50:32.712Z e6dba4bb-412b-41bc-90a3-09f3cfd83111 verbose: AuthenticationMiddlewareFactory:createAuthenticationMiddleware() Validating authentications.
2024-11-13T16:50:32.712Z e6dba4bb-412b-41bc-90a3-09f3cfd83111 info: PublicAccessAuthenticator:validate() Start validation against public access.
2024-11-13T16:50:32.712Z e6dba4bb-412b-41bc-90a3-09f3cfd83111 debug: PublicAccessAuthenticator:validate() Getting account properties...
2024-11-13T16:50:32.712Z e6dba4bb-412b-41bc-90a3-09f3cfd83111 debug: PublicAccessAuthenticator:validate() Retrieved account name from context: devstoreaccount1, container: test, blob: 
2024-11-13T16:50:32.715Z e6dba4bb-412b-41bc-90a3-09f3cfd83111 debug: PublicAccessAuthenticator:validate() Skip public access authentication. Cannot get public access type for container test
2024-11-13T16:50:32.715Z e6dba4bb-412b-41bc-90a3-09f3cfd83111 info: BlobSharedKeyAuthenticator:validate() Start validation against account shared key authentication.
2024-11-13T16:50:32.715Z e6dba4bb-412b-41bc-90a3-09f3cfd83111 info: BlobSharedKeyAuthenticator:validate() [STRING TO SIGN]:"GET\n\n\n\n\n\n\n\n\n\n\n\nx-ms-client-request-id:690a5cba-6f7e-4151-9a3f-6380be4aba25\nx-ms-date:Wed, 13 Nov 2024 16:50:32 GMT\nx-ms-version:2019-07-07\n/devstoreaccount1/devstoreaccount1/test\nrestype:container"
2024-11-13T16:50:32.715Z e6dba4bb-412b-41bc-90a3-09f3cfd83111 info: BlobSharedKeyAuthenticator:validate() Calculated authentication header based on key1: SharedKey devstoreaccount1:Sxh/J6huv7OWshLk8N0rGK05FnyUNGsoEhfTIXpxdNc=
2024-11-13T16:50:32.715Z e6dba4bb-412b-41bc-90a3-09f3cfd83111 info: BlobSharedKeyAuthenticator:validate() Signature 1 matched.
2024-11-13T16:50:32.715Z e6dba4bb-412b-41bc-90a3-09f3cfd83111 verbose: DeserializerMiddleware: Start deserializing...
2024-11-13T16:50:32.716Z e6dba4bb-412b-41bc-90a3-09f3cfd83111 info: HandlerMiddleware: DeserializedParameters={"options":{"requestId":"690a5cba-6f7e-4151-9a3f-6380be4aba25","leaseAccessConditions":{}},"restype":"container","version":"2019-07-07"}
2024-11-13T16:50:32.716Z e6dba4bb-412b-41bc-90a3-09f3cfd83111 verbose: SerializerMiddleware: Start serializing...
2024-11-13T16:50:32.716Z e6dba4bb-412b-41bc-90a3-09f3cfd83111 info: EndMiddleware: End response. TotalTimeInMS=5 StatusCode=200 StatusMessage=undefined Headers={"server":"Azurite-Blob/3.33.0","etag":"\"0x1F1B19D6FB11DB0\"","last-modified":"Wed, 13 Nov 2024 16:50:32 GMT","x-ms-lease-state":"available","x-ms-lease-status":"unlocked","x-ms-client-request-id":"690a5cba-6f7e-4151-9a3f-6380be4aba25","x-ms-request-id":"e6dba4bb-412b-41bc-90a3-09f3cfd83111","x-ms-version":"2025-01-05","x-ms-has-immutability-policy":"false","x-ms-has-legal-hold":"false"}
2024-11-13T16:50:32.717Z 978cd598-0aba-4c95-8ce2-d15c4647e9c4 info: BlobStorageContextMiddleware: RequestMethod=GET RequestURL=http://127.0.0.1/devstoreaccount1/test?comp=properties&restype=account RequestHeaders:{"host":"127.0.0.1:10000","connection":"keep-alive","x-ms-version":"2019-07-07","accept":"application/xml","user-agent":"Microsoft Azure Storage Explorer/1.35.0 (win32) azsdk-js-storageblob/12.15.0 (NODE-VERSION v20.14.0; Windows_NT 10.0.22631)","x-ms-client-request-id":"4863dd84-4bc6-4054-b9f3-5ed782f2dccf","x-ms-date":"Wed, 13 Nov 2024 16:50:32 GMT","authorization":"SharedKey devstoreaccount1:7XZ98lnPaAciwY6Y7YcRfEtlzQKNnH+Aq4JEAAE1TE8=","accept-language":"*","sec-fetch-mode":"cors","accept-encoding":"gzip, deflate"} ClientIP=172.27.0.1 Protocol=http HTTPVersion=1.1
2024-11-13T16:50:32.717Z 978cd598-0aba-4c95-8ce2-d15c4647e9c4 info: BlobStorageContextMiddleware: Account=devstoreaccount1 Container=test Blob=
2024-11-13T16:50:32.717Z 978cd598-0aba-4c95-8ce2-d15c4647e9c4 verbose: DispatchMiddleware: Dispatching request...
2024-11-13T16:50:32.718Z 978cd598-0aba-4c95-8ce2-d15c4647e9c4 info: DispatchMiddleware: Operation=Container_GetAccountInfo
2024-11-13T16:50:32.718Z 978cd598-0aba-4c95-8ce2-d15c4647e9c4 verbose: AuthenticationMiddlewareFactory:createAuthenticationMiddleware() Validating authentications.
2024-11-13T16:50:32.718Z 978cd598-0aba-4c95-8ce2-d15c4647e9c4 info: PublicAccessAuthenticator:validate() Start validation against public access.
2024-11-13T16:50:32.718Z 978cd598-0aba-4c95-8ce2-d15c4647e9c4 debug: PublicAccessAuthenticator:validate() Getting account properties...
2024-11-13T16:50:32.718Z 978cd598-0aba-4c95-8ce2-d15c4647e9c4 debug: PublicAccessAuthenticator:validate() Retrieved account name from context: devstoreaccount1, container: test, blob: 
2024-11-13T16:50:32.718Z 978cd598-0aba-4c95-8ce2-d15c4647e9c4 debug: PublicAccessAuthenticator:validate() Skip public access authentication. Cannot get public access type for container test
2024-11-13T16:50:32.718Z 978cd598-0aba-4c95-8ce2-d15c4647e9c4 info: BlobSharedKeyAuthenticator:validate() Start validation against account shared key authentication.
2024-11-13T16:50:32.719Z 978cd598-0aba-4c95-8ce2-d15c4647e9c4 info: BlobSharedKeyAuthenticator:validate() [STRING TO SIGN]:"GET\n\n\n\n\n\n\n\n\n\n\n\nx-ms-client-request-id:4863dd84-4bc6-4054-b9f3-5ed782f2dccf\nx-ms-date:Wed, 13 Nov 2024 16:50:32 GMT\nx-ms-version:2019-07-07\n/devstoreaccount1/devstoreaccount1/test\ncomp:properties\nrestype:account"
2024-11-13T16:50:32.719Z 978cd598-0aba-4c95-8ce2-d15c4647e9c4 info: BlobSharedKeyAuthenticator:validate() Calculated authentication header based on key1: SharedKey devstoreaccount1:7XZ98lnPaAciwY6Y7YcRfEtlzQKNnH+Aq4JEAAE1TE8=
2024-11-13T16:50:32.719Z 978cd598-0aba-4c95-8ce2-d15c4647e9c4 info: BlobSharedKeyAuthenticator:validate() Signature 1 matched.
2024-11-13T16:50:32.719Z 978cd598-0aba-4c95-8ce2-d15c4647e9c4 verbose: DeserializerMiddleware: Start deserializing...
2024-11-13T16:50:32.719Z 978cd598-0aba-4c95-8ce2-d15c4647e9c4 info: HandlerMiddleware: DeserializedParameters={"restype":"account","comp":"properties","version":"2019-07-07"}
2024-11-13T16:50:32.719Z 978cd598-0aba-4c95-8ce2-d15c4647e9c4 verbose: SerializerMiddleware: Start serializing...
2024-11-13T16:50:32.719Z 978cd598-0aba-4c95-8ce2-d15c4647e9c4 info: EndMiddleware: End response. TotalTimeInMS=2 StatusCode=200 StatusMessage=undefined Headers={"server":"Azurite-Blob/3.33.0","x-ms-client-request-id":"4863dd84-4bc6-4054-b9f3-5ed782f2dccf","x-ms-request-id":"978cd598-0aba-4c95-8ce2-d15c4647e9c4","x-ms-version":"2025-01-05","date":"Wed, 13 Nov 2024 16:50:32 GMT","x-ms-sku-name":"Standard_RAGRS","x-ms-account-kind":"StorageV2"}
2024-11-13T16:50:33.262Z 811db7ea-ef4a-415e-9061-39afb0ddd28f info: BlobStorageContextMiddleware: RequestMethod=GET RequestURL=http://127.0.0.1/devstoreaccount1/test?comp=list&maxresults=5000&restype=container&include=metadata&delimiter=%2F RequestHeaders:{"host":"127.0.0.1:10000","connection":"keep-alive","x-ms-version":"2019-07-07","accept":"application/xml","user-agent":"Microsoft Azure Storage Explorer/1.35.0 (win32) azsdk-js-storageblob/12.15.0 (NODE-VERSION v20.14.0; Windows_NT 10.0.22631)","x-ms-client-request-id":"c2775feb-3d8e-481d-bfba-4b4f4a5e145e","x-ms-date":"Wed, 13 Nov 2024 16:50:33 GMT","authorization":"SharedKey devstoreaccount1:xMg+SmSa1M977h7yN6KyykCVBR8+4x25uky+wr9EOVo=","accept-language":"*","sec-fetch-mode":"cors","accept-encoding":"gzip, deflate"} ClientIP=172.27.0.1 Protocol=http HTTPVersion=1.1
2024-11-13T16:50:33.263Z 811db7ea-ef4a-415e-9061-39afb0ddd28f info: BlobStorageContextMiddleware: Account=devstoreaccount1 Container=test Blob=
2024-11-13T16:50:33.263Z 811db7ea-ef4a-415e-9061-39afb0ddd28f verbose: DispatchMiddleware: Dispatching request...
2024-11-13T16:50:33.263Z 811db7ea-ef4a-415e-9061-39afb0ddd28f info: DispatchMiddleware: Operation=Container_ListBlobHierarchySegment
2024-11-13T16:50:33.263Z 811db7ea-ef4a-415e-9061-39afb0ddd28f verbose: AuthenticationMiddlewareFactory:createAuthenticationMiddleware() Validating authentications.
2024-11-13T16:50:33.263Z 811db7ea-ef4a-415e-9061-39afb0ddd28f info: PublicAccessAuthenticator:validate() Start validation against public access.
2024-11-13T16:50:33.263Z 811db7ea-ef4a-415e-9061-39afb0ddd28f debug: PublicAccessAuthenticator:validate() Getting account properties...
2024-11-13T16:50:33.263Z 811db7ea-ef4a-415e-9061-39afb0ddd28f debug: PublicAccessAuthenticator:validate() Retrieved account name from context: devstoreaccount1, container: test, blob: 
2024-11-13T16:50:33.264Z 811db7ea-ef4a-415e-9061-39afb0ddd28f debug: PublicAccessAuthenticator:validate() Skip public access authentication. Cannot get public access type for container test
2024-11-13T16:50:33.264Z 811db7ea-ef4a-415e-9061-39afb0ddd28f info: BlobSharedKeyAuthenticator:validate() Start validation against account shared key authentication.
2024-11-13T16:50:33.264Z 811db7ea-ef4a-415e-9061-39afb0ddd28f info: BlobSharedKeyAuthenticator:validate() [STRING TO SIGN]:"GET\n\n\n\n\n\n\n\n\n\n\n\nx-ms-client-request-id:c2775feb-3d8e-481d-bfba-4b4f4a5e145e\nx-ms-date:Wed, 13 Nov 2024 16:50:33 GMT\nx-ms-version:2019-07-07\n/devstoreaccount1/devstoreaccount1/test\ncomp:list\ndelimiter:/\ninclude:metadata\nmaxresults:5000\nrestype:container"
2024-11-13T16:50:33.264Z 811db7ea-ef4a-415e-9061-39afb0ddd28f info: BlobSharedKeyAuthenticator:validate() Calculated authentication header based on key1: SharedKey devstoreaccount1:xMg+SmSa1M977h7yN6KyykCVBR8+4x25uky+wr9EOVo=
2024-11-13T16:50:33.264Z 811db7ea-ef4a-415e-9061-39afb0ddd28f info: BlobSharedKeyAuthenticator:validate() Signature 1 matched.
2024-11-13T16:50:33.264Z 811db7ea-ef4a-415e-9061-39afb0ddd28f verbose: DeserializerMiddleware: Start deserializing...
2024-11-13T16:50:33.264Z 811db7ea-ef4a-415e-9061-39afb0ddd28f info: HandlerMiddleware: DeserializedParameters={"options":{"maxresults":5000,"include":["metadata"],"requestId":"c2775feb-3d8e-481d-bfba-4b4f4a5e145e"},"delimiter":"/","restype":"container","comp":"list","version":"2019-07-07"}
2024-11-13T16:50:33.266Z 811db7ea-ef4a-415e-9061-39afb0ddd28f verbose: SerializerMiddleware: Start serializing...
2024-11-13T16:50:33.266Z 811db7ea-ef4a-415e-9061-39afb0ddd28f debug: Serializer: Raw response body string is <?xml version="1.0" encoding="UTF-8" standalone="yes"?><EnumerationResults ServiceEndpoint="http://127.0.0.1:10000/devstoreaccount1" ContainerName="test"><Prefix/><Marker/><MaxResults>5000</MaxResults><Delimiter>/</Delimiter><Blobs/><NextMarker/></EnumerationResults>
2024-11-13T16:50:33.267Z 811db7ea-ef4a-415e-9061-39afb0ddd28f info: Serializer: Start returning stream body.
2024-11-13T16:50:33.267Z 811db7ea-ef4a-415e-9061-39afb0ddd28f info: EndMiddleware: End response. TotalTimeInMS=5 StatusCode=200 StatusMessage=OK Headers={"server":"Azurite-Blob/3.33.0","content-type":"application/xml","x-ms-client-request-id":"c2775feb-3d8e-481d-bfba-4b4f4a5e145e","x-ms-request-id":"811db7ea-ef4a-415e-9061-39afb0ddd28f","x-ms-version":"2025-01-05","date":"Wed, 13 Nov 2024 16:50:33 GMT"}
2024-11-13T16:50:44.878Z a70d7086-07c3-47e7-ac97-d58cdfeac318 info: QueueStorageContextMiddleware: RequestMethod=GET RequestURL=http://127.0.0.1/devstoreaccount1?comp=list&include=metadata&timeout=30 RequestHeaders:{"host":"127.0.0.1:10001","connection":"keep-alive","x-ms-version":"2019-07-07","accept":"application/xml","user-agent":"Microsoft Azure Storage Explorer/1.35.0 (win32) azsdk-js-storagequeue/12.6.0 (NODE-VERSION v20.14.0; Windows_NT 10.0.22631)","x-ms-client-request-id":"61d6eb7d-8065-482a-be59-f8ffd2e2a521","x-ms-date":"Wed, 13 Nov 2024 16:50:44 GMT","authorization":"SharedKey devstoreaccount1:/WPYtY75FxYeGBDWlz687arhOEoE4GlomPkQDYHWbN4=","accept-language":"*","sec-fetch-mode":"cors","accept-encoding":"gzip, deflate"} ClientIP=172.27.0.1 Protocol=http HTTPVersion=1.1
2024-11-13T16:50:44.879Z a70d7086-07c3-47e7-ac97-d58cdfeac318 info: QueueStorageContextMiddleware: Account=devstoreaccount1 Queue=undefined Message=undefined MessageId=undefined
2024-11-13T16:50:44.879Z a70d7086-07c3-47e7-ac97-d58cdfeac318 verbose: DispatchMiddleware: Dispatching request...
2024-11-13T16:50:44.879Z a70d7086-07c3-47e7-ac97-d58cdfeac318 info: DispatchMiddleware: Operation=Service_ListQueuesSegment
2024-11-13T16:50:44.880Z a70d7086-07c3-47e7-ac97-d58cdfeac318 verbose: AuthenticationMiddlewareFactory:createAuthenticationMiddleware() Validating authentications.
2024-11-13T16:50:44.880Z a70d7086-07c3-47e7-ac97-d58cdfeac318 info: QueueSharedKeyAuthenticator:validate() Start validation against account shared key authentication.
2024-11-13T16:50:44.880Z a70d7086-07c3-47e7-ac97-d58cdfeac318 info: QueueSharedKeyAuthenticator:validate() [STRING TO SIGN]:"GET\n\n\n\n\n\n\n\n\n\n\n\nx-ms-client-request-id:61d6eb7d-8065-482a-be59-f8ffd2e2a521\nx-ms-date:Wed, 13 Nov 2024 16:50:44 GMT\nx-ms-version:2019-07-07\n/devstoreaccount1/devstoreaccount1\ncomp:list\ninclude:metadata\ntimeout:30"
2024-11-13T16:50:44.881Z a70d7086-07c3-47e7-ac97-d58cdfeac318 info: QueueSharedKeyAuthenticator:validate() Calculated authentication header based on key1: devstoreaccount1:/WPYtY75FxYeGBDWlz687arhOEoE4GlomPkQDYHWbN4=
2024-11-13T16:50:44.881Z a70d7086-07c3-47e7-ac97-d58cdfeac318 info: QueueSharedKeyAuthenticator:validate() Signature 1 matched.
2024-11-13T16:50:44.881Z a70d7086-07c3-47e7-ac97-d58cdfeac318 verbose: DeserializerMiddleware: Start deserializing...
2024-11-13T16:50:44.882Z a70d7086-07c3-47e7-ac97-d58cdfeac318 info: HandlerMiddleware: DeserializedParameters={"options":{"include":["metadata"],"timeout":30,"requestId":"61d6eb7d-8065-482a-be59-f8ffd2e2a521"},"comp":"list","version":"2019-07-07"}
2024-11-13T16:50:44.883Z a70d7086-07c3-47e7-ac97-d58cdfeac318 verbose: SerializerMiddleware: Start serializing...
2024-11-13T16:50:44.884Z a70d7086-07c3-47e7-ac97-d58cdfeac318 debug: Serializer: Raw response body string is <?xml version="1.0" encoding="UTF-8" standalone="yes"?><EnumerationResults ServiceEndpoint="http://127.0.0.1:10001/devstoreaccount1"><Prefix/><MaxResults>5000</MaxResults><Queues/><NextMarker/></EnumerationResults>
2024-11-13T16:50:44.884Z a70d7086-07c3-47e7-ac97-d58cdfeac318 info: Serializer: Start returning stream body.
2024-11-13T16:50:44.884Z a70d7086-07c3-47e7-ac97-d58cdfeac318 info: EndMiddleware: End response. TotalTimeInMS=6 StatusCode=200 StatusMessage=OK Headers={"server":"Azurite-Queue/3.33.0","x-ms-client-request-id":"61d6eb7d-8065-482a-be59-f8ffd2e2a521","x-ms-request-id":"a70d7086-07c3-47e7-ac97-d58cdfeac318","x-ms-version":"2025-01-05","content-type":"application/xml"}
2024-11-13T16:50:46.565Z 817ef143-6049-4973-92cb-b59d74146f7e info: QueueStorageContextMiddleware: RequestMethod=PUT RequestURL=http://127.0.0.1/devstoreaccount1/test?timeout=30 RequestHeaders:{"host":"127.0.0.1:10001","connection":"keep-alive","x-ms-version":"2019-07-07","accept":"application/xml","user-agent":"Microsoft Azure Storage Explorer/1.35.0 (win32) azsdk-js-storagequeue/12.6.0 (NODE-VERSION v20.14.0; Windows_NT 10.0.22631)","x-ms-client-request-id":"24e10766-8a43-4ddc-8d5a-222cef852d41","x-ms-date":"Wed, 13 Nov 2024 16:50:46 GMT","authorization":"SharedKey devstoreaccount1:wZ69gUkBW9PY9PVcdxpUXsGG90mlDebR6nd38GxMFSc=","accept-language":"*","sec-fetch-mode":"cors","accept-encoding":"gzip, deflate","content-length":"0"} ClientIP=172.27.0.1 Protocol=http HTTPVersion=1.1
2024-11-13T16:50:46.565Z 817ef143-6049-4973-92cb-b59d74146f7e info: QueueStorageContextMiddleware: Account=devstoreaccount1 Queue=test Message=undefined MessageId=undefined
2024-11-13T16:50:46.565Z 817ef143-6049-4973-92cb-b59d74146f7e verbose: DispatchMiddleware: Dispatching request...
2024-11-13T16:50:46.565Z 817ef143-6049-4973-92cb-b59d74146f7e info: DispatchMiddleware: Operation=Queue_Create
2024-11-13T16:50:46.565Z 817ef143-6049-4973-92cb-b59d74146f7e verbose: AuthenticationMiddlewareFactory:createAuthenticationMiddleware() Validating authentications.
2024-11-13T16:50:46.565Z 817ef143-6049-4973-92cb-b59d74146f7e info: QueueSharedKeyAuthenticator:validate() Start validation against account shared key authentication.
2024-11-13T16:50:46.565Z 817ef143-6049-4973-92cb-b59d74146f7e info: QueueSharedKeyAuthenticator:validate() [STRING TO SIGN]:"PUT\n\n\n\n\n\n\n\n\n\n\n\nx-ms-client-request-id:24e10766-8a43-4ddc-8d5a-222cef852d41\nx-ms-date:Wed, 13 Nov 2024 16:50:46 GMT\nx-ms-version:2019-07-07\n/devstoreaccount1/devstoreaccount1/test\ntimeout:30"
2024-11-13T16:50:46.566Z 817ef143-6049-4973-92cb-b59d74146f7e info: QueueSharedKeyAuthenticator:validate() Calculated authentication header based on key1: devstoreaccount1:wZ69gUkBW9PY9PVcdxpUXsGG90mlDebR6nd38GxMFSc=
2024-11-13T16:50:46.566Z 817ef143-6049-4973-92cb-b59d74146f7e info: QueueSharedKeyAuthenticator:validate() Signature 1 matched.
2024-11-13T16:50:46.566Z 817ef143-6049-4973-92cb-b59d74146f7e verbose: DeserializerMiddleware: Start deserializing...
2024-11-13T16:50:46.566Z 817ef143-6049-4973-92cb-b59d74146f7e info: HandlerMiddleware: DeserializedParameters={"options":{"timeout":30,"metadata":{},"requestId":"24e10766-8a43-4ddc-8d5a-222cef852d41"},"version":"2019-07-07"}
2024-11-13T16:50:46.566Z 817ef143-6049-4973-92cb-b59d74146f7e verbose: SerializerMiddleware: Start serializing...
2024-11-13T16:50:46.566Z 817ef143-6049-4973-92cb-b59d74146f7e info: EndMiddleware: End response. TotalTimeInMS=2 StatusCode=201 StatusMessage=undefined Headers={"server":"Azurite-Queue/3.33.0","x-ms-client-request-id":"24e10766-8a43-4ddc-8d5a-222cef852d41","x-ms-request-id":"817ef143-6049-4973-92cb-b59d74146f7e","x-ms-version":"2025-01-05","date":"Wed, 13 Nov 2024 16:50:46 GMT"}
2024-11-13T16:50:46.993Z afb6ec1c-7569-437c-9dde-bd2c3b51a5f5 info: QueueStorageContextMiddleware: RequestMethod=GET RequestURL=http://127.0.0.1/devstoreaccount1/test/messages?numofmessages=32&peekonly=true&timeout=30 RequestHeaders:{"host":"127.0.0.1:10001","connection":"keep-alive","x-ms-version":"2019-07-07","accept":"application/xml","user-agent":"Microsoft Azure Storage Explorer/1.35.0 (win32) azsdk-js-storagequeue/12.6.0 (NODE-VERSION v20.14.0; Windows_NT 10.0.22631)","x-ms-client-request-id":"6cf8e031-f2ea-473e-9672-e946bb15ee42","x-ms-date":"Wed, 13 Nov 2024 16:50:46 GMT","authorization":"SharedKey devstoreaccount1:WWIpemGvwmyENn9zFySuyxqVllYFmSAgEtRrQnlayvM=","accept-language":"*","sec-fetch-mode":"cors","accept-encoding":"gzip, deflate"} ClientIP=172.27.0.1 Protocol=http HTTPVersion=1.1
2024-11-13T16:50:46.993Z afb6ec1c-7569-437c-9dde-bd2c3b51a5f5 info: QueueStorageContextMiddleware: Account=devstoreaccount1 Queue=test Message=messages MessageId=undefined
2024-11-13T16:50:46.994Z afb6ec1c-7569-437c-9dde-bd2c3b51a5f5 verbose: DispatchMiddleware: Dispatching request...
2024-11-13T16:50:46.994Z afb6ec1c-7569-437c-9dde-bd2c3b51a5f5 info: DispatchMiddleware: Operation=Messages_Peek
2024-11-13T16:50:46.994Z afb6ec1c-7569-437c-9dde-bd2c3b51a5f5 verbose: AuthenticationMiddlewareFactory:createAuthenticationMiddleware() Validating authentications.
2024-11-13T16:50:46.994Z afb6ec1c-7569-437c-9dde-bd2c3b51a5f5 info: QueueSharedKeyAuthenticator:validate() Start validation against account shared key authentication.
2024-11-13T16:50:46.994Z afb6ec1c-7569-437c-9dde-bd2c3b51a5f5 info: QueueSharedKeyAuthenticator:validate() [STRING TO SIGN]:"GET\n\n\n\n\n\n\n\n\n\n\n\nx-ms-client-request-id:6cf8e031-f2ea-473e-9672-e946bb15ee42\nx-ms-date:Wed, 13 Nov 2024 16:50:46 GMT\nx-ms-version:2019-07-07\n/devstoreaccount1/devstoreaccount1/test/messages\nnumofmessages:32\npeekonly:true\ntimeout:30"
2024-11-13T16:50:46.995Z afb6ec1c-7569-437c-9dde-bd2c3b51a5f5 info: QueueSharedKeyAuthenticator:validate() Calculated authentication header based on key1: devstoreaccount1:WWIpemGvwmyENn9zFySuyxqVllYFmSAgEtRrQnlayvM=
2024-11-13T16:50:46.995Z afb6ec1c-7569-437c-9dde-bd2c3b51a5f5 info: QueueSharedKeyAuthenticator:validate() Signature 1 matched.
2024-11-13T16:50:46.995Z afb6ec1c-7569-437c-9dde-bd2c3b51a5f5 verbose: DeserializerMiddleware: Start deserializing...
2024-11-13T16:50:46.995Z afb6ec1c-7569-437c-9dde-bd2c3b51a5f5 info: HandlerMiddleware: DeserializedParameters={"options":{"numberOfMessages":32,"timeout":30,"requestId":"6cf8e031-f2ea-473e-9672-e946bb15ee42"},"peekonly":"true","version":"2019-07-07"}
2024-11-13T16:50:46.997Z afb6ec1c-7569-437c-9dde-bd2c3b51a5f5 verbose: SerializerMiddleware: Start serializing...
2024-11-13T16:50:46.997Z afb6ec1c-7569-437c-9dde-bd2c3b51a5f5 debug: Serializer: Raw response body string is <?xml version="1.0" encoding="UTF-8" standalone="yes"?><QueueMessagesList/>
2024-11-13T16:50:46.997Z afb6ec1c-7569-437c-9dde-bd2c3b51a5f5 info: Serializer: Start returning stream body.
2024-11-13T16:50:46.997Z afb6ec1c-7569-437c-9dde-bd2c3b51a5f5 info: EndMiddleware: End response. TotalTimeInMS=4 StatusCode=200 StatusMessage=OK Headers={"server":"Azurite-Queue/3.33.0","x-ms-client-request-id":"6cf8e031-f2ea-473e-9672-e946bb15ee42","x-ms-request-id":"afb6ec1c-7569-437c-9dde-bd2c3b51a5f5","x-ms-version":"2025-01-05","date":"Wed, 13 Nov 2024 16:50:46 GMT","content-type":"application/xml"}
2024-11-13T16:50:47.022Z 5522ccf0-d40d-427d-bf23-e22b223cd8ae info: QueueStorageContextMiddleware: RequestMethod=GET RequestURL=http://127.0.0.1/devstoreaccount1/test?comp=metadata&timeout=30 RequestHeaders:{"host":"127.0.0.1:10001","connection":"keep-alive","x-ms-version":"2019-07-07","accept":"application/xml","user-agent":"Microsoft Azure Storage Explorer/1.35.0 (win32) azsdk-js-storagequeue/12.6.0 (NODE-VERSION v20.14.0; Windows_NT 10.0.22631)","x-ms-client-request-id":"e7033e1b-6eb5-4f5b-b62d-f6680c8a1db5","x-ms-date":"Wed, 13 Nov 2024 16:50:47 GMT","authorization":"SharedKey devstoreaccount1:A+ZtJnt5G+qK869Yi+/nOcNP//NZX+BZ7L44EwE7ru0=","accept-language":"*","sec-fetch-mode":"cors","accept-encoding":"gzip, deflate"} ClientIP=172.27.0.1 Protocol=http HTTPVersion=1.1
2024-11-13T16:50:47.022Z 5522ccf0-d40d-427d-bf23-e22b223cd8ae info: QueueStorageContextMiddleware: Account=devstoreaccount1 Queue=test Message=undefined MessageId=undefined
2024-11-13T16:50:47.022Z 5522ccf0-d40d-427d-bf23-e22b223cd8ae verbose: DispatchMiddleware: Dispatching request...
2024-11-13T16:50:47.022Z 5522ccf0-d40d-427d-bf23-e22b223cd8ae info: DispatchMiddleware: Operation=Queue_GetProperties
2024-11-13T16:50:47.022Z 5522ccf0-d40d-427d-bf23-e22b223cd8ae verbose: AuthenticationMiddlewareFactory:createAuthenticationMiddleware() Validating authentications.
2024-11-13T16:50:47.022Z 5522ccf0-d40d-427d-bf23-e22b223cd8ae info: QueueSharedKeyAuthenticator:validate() Start validation against account shared key authentication.
2024-11-13T16:50:47.023Z 5522ccf0-d40d-427d-bf23-e22b223cd8ae info: QueueSharedKeyAuthenticator:validate() [STRING TO SIGN]:"GET\n\n\n\n\n\n\n\n\n\n\n\nx-ms-client-request-id:e7033e1b-6eb5-4f5b-b62d-f6680c8a1db5\nx-ms-date:Wed, 13 Nov 2024 16:50:47 GMT\nx-ms-version:2019-07-07\n/devstoreaccount1/devstoreaccount1/test\ncomp:metadata\ntimeout:30"
2024-11-13T16:50:47.023Z 5522ccf0-d40d-427d-bf23-e22b223cd8ae info: QueueSharedKeyAuthenticator:validate() Calculated authentication header based on key1: devstoreaccount1:A+ZtJnt5G+qK869Yi+/nOcNP//NZX+BZ7L44EwE7ru0=
2024-11-13T16:50:47.023Z 5522ccf0-d40d-427d-bf23-e22b223cd8ae info: QueueSharedKeyAuthenticator:validate() Signature 1 matched.
2024-11-13T16:50:47.023Z 5522ccf0-d40d-427d-bf23-e22b223cd8ae verbose: DeserializerMiddleware: Start deserializing...
2024-11-13T16:50:47.023Z 5522ccf0-d40d-427d-bf23-e22b223cd8ae info: HandlerMiddleware: DeserializedParameters={"options":{"timeout":30,"requestId":"e7033e1b-6eb5-4f5b-b62d-f6680c8a1db5"},"comp":"metadata","version":"2019-07-07"}
2024-11-13T16:50:47.024Z 5522ccf0-d40d-427d-bf23-e22b223cd8ae verbose: SerializerMiddleware: Start serializing...
2024-11-13T16:50:47.024Z 5522ccf0-d40d-427d-bf23-e22b223cd8ae info: EndMiddleware: End response. TotalTimeInMS=2 StatusCode=200 StatusMessage=undefined Headers={"server":"Azurite-Queue/3.33.0","x-ms-client-request-id":"e7033e1b-6eb5-4f5b-b62d-f6680c8a1db5","x-ms-approximate-messages-count":"0","x-ms-request-id":"5522ccf0-d40d-427d-bf23-e22b223cd8ae","x-ms-version":"2025-01-05","date":"Wed, 13 Nov 2024 16:50:47 GMT"}
2024-11-13T16:51:16.895Z 	 info: AccountDataStore:init() Refresh accounts from environment variable AZURITE_ACCOUNTS with value undefined
2024-11-13T16:51:16.896Z 	 info: AccountDataStore:init() Fallback to default emulator account devstoreaccount1.
2024-11-13T16:51:16.966Z 	 info: AccountDataStore:init() Refresh accounts from environment variable AZURITE_ACCOUNTS with value undefined
2024-11-13T16:51:16.966Z 	 info: AccountDataStore:init() Fallback to default emulator account devstoreaccount1.
2024-11-13T16:51:17.011Z 	 info: QueueGCManager:markSweepLoop() Start new mark and sweep.
2024-11-13T16:51:17.011Z 	 info: QueueGCManger:markSweep() Get all extents.
2024-11-13T16:51:17.011Z 	 info: QueueGCManager:marksweep() Get 0 extents.
2024-11-13T16:51:17.011Z 	 info: QueueGCManager:markSweep() Get referred extents, then remove from allExtents.
2024-11-13T16:51:17.012Z 	 info: QueueGCManager:markSweep() Got referred extents, unreferenced extents count is 0.
2024-11-13T16:51:17.012Z 	 info: QueueGCManager:markSweepLoop() Mark and sweep finished, take 1ms.
2024-11-13T16:51:17.012Z 	 info: QueueGCManager:markSweepLoop() Sleep for 60000
2024-11-13T16:51:17.012Z 	 info: AccountDataStore:init() Refresh accounts from environment variable AZURITE_ACCOUNTS with value undefined
2024-11-13T16:51:17.012Z 	 info: AccountDataStore:init() Fallback to default emulator account devstoreaccount1.
2024-11-13T16:51:17.647Z 	 info: Azurite Blob service is closing...
2024-11-13T16:51:17.647Z 	 info: Azurite Queue service is closing...
2024-11-13T16:51:17.647Z 	 info: Azurite Table service is closing...
2024-11-13T16:51:17.648Z 	 info: BlobGCManager:close() Start closing BlobGCManager. Set status to Closing.
2024-11-13T16:51:17.649Z 	 info: QueueGCManager:close() Start closing QueueGCManager, set status to Closing.
2024-11-13T16:51:17.649Z 	 info: BlobGCManager:start() Mark and sweep loop is closed.
2024-11-13T16:51:17.650Z 	 info: BlobGCManager:close() BlobGCManager successfully closed. Set status to Closed.
2024-11-13T16:51:17.650Z 	 info: QueueGCManager:start() Mark and sweep loop is closed.
2024-11-13T16:51:17.650Z 	 info: QueueGCManager:close() QueueGCManager successfully closed, set status to Closed.
2024-11-13T16:51:17.650Z 	 info: Azurite Table service successfully closed
2024-11-13T16:51:17.651Z 	 info: Azurite Blob service successfully closed
2024-11-13T16:51:17.651Z 	 info: Azurite Queue service successfully closed
